#
# A fatal error has been detected by the Java Runtime Environment:
#
#  EXCEPTION_ACCESS_VIOLATION (0xc0000005) at pc=0x0000000058aa7683, pid=10516, tid=6316
#
# JRE version: Java(TM) SE Runtime Environment (8.0_11-b12) (build 1.8.0_11-b12)
# Java VM: Java HotSpot(TM) 64-Bit Server VM (25.11-b03 mixed mode windows-amd64 compressed oops)
# Problematic frame:
# V  [jvm.dll+0x117683]
#
# Failed to write core dump. Minidumps are not enabled by default on client versions of Windows
#
# If you would like to submit a bug report, please visit:
#   http://bugreport.sun.com/bugreport/crash.jsp
#

---------------  T H R E A D  ---------------

Current thread (0x000000000e44e000):  JavaThread "*** Profiler Agent Communication Thread" daemon [_thread_in_vm, id=6316, stack(0x000000000e730000,0x000000000e830000)]

siginfo: ExceptionCode=0xc0000005, reading address 0xffffffffffffffff

Registers:
RAX=0x000000000e82f101, RBX=0x010d21140c190e01, RCX=0x00000000430b8ba8, RDX=0x0000000000000000
RSP=0x000000000e82f0c0, RBP=0x0000000002569b00, RSI=0x00000000430b8ba8, RDI=0x000000000e82f1e0
R8 =0x000000000e44e000, R9 =0x0000000000000000, R10=0x0000000000000000, R11=0x0000000000000064
R12=0x0000000000d1dae0, R13=0x0000000000000009, R14=0x00000000100086a0, R15=0x000000000e44e000
RIP=0x0000000058aa7683, EFLAGS=0x0000000000010216

Top of Stack: (sp=0x000000000e82f0c0)
0x000000000e82f0c0:   0000000000000000 0000000000000009
0x000000000e82f0d0:   000000000e44e000 0000000058b1d469
0x000000000e82f0e0:   000000000e44e000 0000000058cb3f3d
0x000000000e82f0f0:   000000000e44e000 0000000010003178
0x000000000e82f100:   000000000e82f190 0000000058c9a12b
0x000000000e82f110:   000000000e44e000 0000000000000000
0x000000000e82f120:   0000000000000000 0000000000000000
0x000000000e82f130:   00000000430b8ba8 0000000010003502
0x000000000e82f140:   0000000000000003 000000000e44e1e0
0x000000000e82f150:   000000000000002a 000000000f6bc7ed
0x000000000e82f160:   000000000e82f190 0000000000000000
0x000000000e82f170:   000000000f6bc7d0 000000000e493da0
0x000000000e82f180:   000000000e493df0 0000000000000000
0x000000000e82f190:   0000000000000000 00000006c024f898
0x000000000e82f1a0:   000000000e82f288 000000000c77c0e8
0x000000000e82f1b0:   0000000000000000 00000000006c0000 

Instructions: (pc=0x0000000058aa7683)
0x0000000058aa7663:   28 48 85 c9 75 07 33 c0 48 83 c4 28 c3 48 89 5c
0x0000000058aa7673:   24 20 48 8b 19 48 85 db 74 20 48 83 fb 37 74 1a
0x0000000058aa7683:   48 8b 13 48 8b cb ff 52 08 84 c0 74 0d 48 8b c3
0x0000000058aa7693:   48 8b 5c 24 20 48 83 c4 28 c3 33 c0 48 8b 5c 24 


Register to memory mapping:

RAX=0x000000000e82f101 is pointing into the stack for thread: 0x000000000e44e000
RBX=0x010d21140c190e01 is an unknown value
RCX=0x00000000430b8ba8 is an unknown value
RDX=0x0000000000000000 is an unknown value
RSP=0x000000000e82f0c0 is pointing into the stack for thread: 0x000000000e44e000
RBP=0x0000000002569b00 is an unknown value
RSI=0x00000000430b8ba8 is an unknown value
RDI=0x000000000e82f1e0 is pointing into the stack for thread: 0x000000000e44e000
R8 =0x000000000e44e000 is a thread
R9 =0x0000000000000000 is an unknown value
R10=0x0000000000000000 is an unknown value
R11=0x0000000000000064 is an unknown value
R12=0x0000000000d1dae0 is an unknown value
R13=0x0000000000000009 is an unknown value
R14=0x00000000100086a0 is an unknown value
R15=0x000000000e44e000 is a thread


Stack: [0x000000000e730000,0x000000000e830000],  sp=0x000000000e82f0c0,  free space=1020k
Native frames: (J=compiled Java code, j=interpreted, Vv=VM code, C=native code)
V  [jvm.dll+0x117683]
V  [jvm.dll+0x323f3d]
C  [profilerinterface.dll+0x3502]
C  0x00000000100251ae

Java frames: (J=compiled Java code, j=interpreted, Vv=VM code)
j  org.netbeans.lib.profiler.server.system.Stacks.getMethodNamesForJMethodIds(I[I[I)[B+0
j  org.netbeans.lib.profiler.server.ProfilerInterface.getMethodNamesForJMethodIds([I)Lorg/netbeans/lib/profiler/wireprotocol/MethodNamesResponse;+18
j  org.netbeans.lib.profiler.server.ProfilerServer.handleClientCommand(Lorg/netbeans/lib/profiler/wireprotocol/Command;)V+675
j  org.netbeans.lib.profiler.server.ProfilerServer.listenToClient()V+48
j  org.netbeans.lib.profiler.server.ProfilerServer.run()V+22
v  ~StubRoutines::call_stub

---------------  P R O C E S S  ---------------

Java Threads: ( => current thread )
  0x0000000544801800 JavaThread "*** Profiler Agent Special Execution Thread 7" [_thread_blocked, id=3352, stack(0x00000000593c0000,0x00000000594c0000)]
  0x000000000256e000 JavaThread "DestroyJavaVM" [_thread_blocked, id=5800, stack(0x0000000002440000,0x0000000002540000)]
  0x000000000e4f7800 JavaThread "Service Thread" daemon [_thread_blocked, id=11084, stack(0x000000000f400000,0x000000000f500000)]
  0x000000000e4ed000 JavaThread "C1 CompilerThread2" daemon [_thread_blocked, id=7776, stack(0x000000000f300000,0x000000000f400000)]
  0x000000000e4e8000 JavaThread "C2 CompilerThread1" daemon [_thread_blocked, id=8712, stack(0x000000000f200000,0x000000000f300000)]
  0x000000000ce2e000 JavaThread "C2 CompilerThread0" daemon [_thread_blocked, id=6052, stack(0x000000000f100000,0x000000000f200000)]
  0x000000000e43c800 JavaThread "*** Profiler Agent Special Execution Thread 10" daemon [_thread_blocked, id=8744, stack(0x000000000f000000,0x000000000f100000)]
  0x000000000e3d1800 JavaThread "*** Profiler Agent Special Execution Thread 6" daemon [_thread_blocked, id=5020, stack(0x000000000e950000,0x000000000ea50000)]
  0x000000000e3d1000 JavaThread "*** JFluid Monitor thread ***" daemon [_thread_blocked, id=9856, stack(0x000000000e830000,0x000000000e930000)]
=>0x000000000e44e000 JavaThread "*** Profiler Agent Communication Thread" daemon [_thread_in_vm, id=6316, stack(0x000000000e730000,0x000000000e830000)]
  0x000000000cdcf800 JavaThread "Attach Listener" daemon [_thread_blocked, id=7988, stack(0x000000000e230000,0x000000000e330000)]
  0x000000000cdce800 JavaThread "Signal Dispatcher" daemon [_thread_blocked, id=7616, stack(0x000000000e130000,0x000000000e230000)]
  0x00000000026f1000 JavaThread "Finalizer" daemon [_thread_blocked, id=10620, stack(0x000000000e030000,0x000000000e130000)]
  0x000000000cd98800 JavaThread "Reference Handler" daemon [_thread_blocked, id=9380, stack(0x000000000df30000,0x000000000e030000)]

Other Threads:
  0x000000000cd96800 VMThread [stack: 0x000000000de30000,0x000000000df30000] [id=1488]
  0x000000000e5d4000 WatcherThread [stack: 0x000000000f500000,0x000000000f600000] [id=7188]

VM state:synchronizing (normal execution)

VM Mutex/Monitor currently owned by a thread:  ([mutex/lock_event])
[0x000000000256d0b0] Threads_lock - owner thread: 0x000000000cd96800

Heap:
 PSYoungGen      total 116736K, used 19543K [0x000000076ab00000, 0x0000000772500000, 0x00000007c0000000)
  eden space 109568K, 17% used [0x000000076ab00000,0x000000076bdcdd58,0x0000000771600000)
  from space 7168K, 4% used [0x0000000771e00000,0x0000000771e48000,0x0000000772500000)
  to   space 7680K, 0% used [0x0000000771600000,0x0000000771600000,0x0000000771d80000)
 ParOldGen       total 64000K, used 42612K [0x00000006c0000000, 0x00000006c3e80000, 0x000000076ab00000)
  object space 64000K, 66% used [0x00000006c0000000,0x00000006c299d088,0x00000006c3e80000)
 Metaspace       used 11224K, capacity 11292K, committed 11648K, reserved 1058816K
  class space    used 1263K, capacity 1310K, committed 1408K, reserved 1048576K

Card table byte_map: [0x0000000002ac0000,0x00000000032d0000] byte_map_base: 0xffffffffff4c0000

Marking Bits: (ParMarkBitMap*) 0x00000000591412b0
 Begin Bits: [0x0000000003c30000, 0x0000000007c30000)
 End Bits:   [0x0000000007c30000, 0x000000000bc30000)

Polling page: 0x0000000000cc0000

CodeCache: size=245760Kb used=5674Kb max_used=5713Kb free=240085Kb
 bounds [0x0000000010010000, 0x00000000105c0000, 0x000000001f010000]
 total_blobs=2185 nmethods=1802 adapters=296
 compilation: enabled

Compilation events (10 events):
Event: 5.895 Thread 0x000000000e4e8000 nmethod 2074 0x000000001056a0d0 code [0x000000001056a200, 0x000000001056a5f8]
Event: 5.895 Thread 0x000000000e4e8000 2064       4       java.util.HashMap::putVal (300 bytes)
Event: 5.912 Thread 0x000000000e4e8000 nmethod 2064 0x0000000010563e10 code [0x0000000010563fc0, 0x00000000105648f0]
Event: 5.912 Thread 0x000000000e4e8000 2042       4       org.apache.lucene.store.ByteBufferIndexInput::newCloneInstance (68 bytes)
Event: 5.922 Thread 0x000000000e4e8000 nmethod 2042 0x00000000105632d0 code [0x0000000010563440, 0x0000000010563938]
Event: 6.033 Thread 0x000000000e4ed000 2081       3       org.netbeans.lib.profiler.server.Monitors$ThreadDataTable::getPosIndex (46 bytes)
Event: 6.033 Thread 0x000000000e4ed000 nmethod 2081 0x000000001056c350 code [0x000000001056c4e0, 0x000000001056c7e8]
Event: 6.033 Thread 0x000000000e4ed000 2080       3       org.netbeans.lib.profiler.server.Monitors$ThreadDataTable::put (149 bytes)
Event: 6.034 Thread 0x000000000e4ed000 nmethod 2080 0x000000001056b650 code [0x000000001056b820, 0x000000001056be88]
Event: 6.069 Thread 0x000000000ce2e000 nmethod 2063 0x000000001059ed90 code [0x000000001059f520, 0x00000000105a6508]

GC Heap History (10 events):
Event: 4.518 GC heap before
{Heap before GC invocations=22 (full 0):
 PSYoungGen      total 52736K, used 43246K [0x000000076ab00000, 0x000000076f880000, 0x00000007c0000000)
  eden space 42496K, 100% used [0x000000076ab00000,0x000000076d480000,0x000000076d480000)
  from space 10240K, 7% used [0x000000076d480000,0x000000076d53bac0,0x000000076de80000)
  to   space 9728K, 0% used [0x000000076ef00000,0x000000076ef00000,0x000000076f880000)
 ParOldGen       total 64000K, used 42116K [0x00000006c0000000, 0x00000006c3e80000, 0x000000076ab00000)
  object space 64000K, 65% used [0x00000006c0000000,0x00000006c29212b0,0x00000006c3e80000)
 Metaspace       used 11077K, capacity 11164K, committed 11392K, reserved 1058816K
  class space    used 1258K, capacity 1310K, committed 1408K, reserved 1048576K
Event: 4.521 GC heap after
Heap after GC invocations=22 (full 0):
 PSYoungGen      total 68608K, used 291K [0x000000076ab00000, 0x000000076f780000, 0x00000007c0000000)
  eden space 59904K, 0% used [0x000000076ab00000,0x000000076ab00000,0x000000076e580000)
  from space 8704K, 3% used [0x000000076ef00000,0x000000076ef48f18,0x000000076f780000)
  to   space 9216K, 0% used [0x000000076e580000,0x000000076e580000,0x000000076ee80000)
 ParOldGen       total 64000K, used 42357K [0x00000006c0000000, 0x00000006c3e80000, 0x000000076ab00000)
  object space 64000K, 66% used [0x00000006c0000000,0x00000006c295d550,0x00000006c3e80000)
 Metaspace       used 11077K, capacity 11164K, committed 11392K, reserved 1058816K
  class space    used 1258K, capacity 1310K, committed 1408K, reserved 1048576K
}
Event: 4.759 GC heap before
{Heap before GC invocations=23 (full 0):
 PSYoungGen      total 68608K, used 60195K [0x000000076ab00000, 0x000000076f780000, 0x00000007c0000000)
  eden space 59904K, 100% used [0x000000076ab00000,0x000000076e580000,0x000000076e580000)
  from space 8704K, 3% used [0x000000076ef00000,0x000000076ef48f18,0x000000076f780000)
  to   space 9216K, 0% used [0x000000076e580000,0x000000076e580000,0x000000076ee80000)
 ParOldGen       total 64000K, used 42357K [0x00000006c0000000, 0x00000006c3e80000, 0x000000076ab00000)
  object space 64000K, 66% used [0x00000006c0000000,0x00000006c295d550,0x00000006c3e80000)
 Metaspace       used 11109K, capacity 11228K, committed 11392K, reserved 1058816K
  class space    used 1258K, capacity 1310K, committed 1408K, reserved 1048576K
Event: 4.763 GC heap after
Heap after GC invocations=23 (full 0):
 PSYoungGen      total 69120K, used 1533K [0x000000076ab00000, 0x0000000770e00000, 0x00000007c0000000)
  eden space 59904K, 0% used [0x000000076ab00000,0x000000076ab00000,0x000000076e580000)
  from space 9216K, 16% used [0x000000076e580000,0x000000076e6ff4c8,0x000000076ee80000)
  to   space 8704K, 0% used [0x0000000770580000,0x0000000770580000,0x0000000770e00000)
 ParOldGen       total 64000K, used 42441K [0x00000006c0000000, 0x00000006c3e80000, 0x000000076ab00000)
  object space 64000K, 66% used [0x00000006c0000000,0x00000006c2972468,0x00000006c3e80000)
 Metaspace       used 11109K, capacity 11228K, committed 11392K, reserved 1058816K
  class space    used 1258K, capacity 1310K, committed 1408K, reserved 1048576K
}
Event: 5.097 GC heap before
{Heap before GC invocations=24 (full 0):
 PSYoungGen      total 69120K, used 61437K [0x000000076ab00000, 0x0000000770e00000, 0x00000007c0000000)
  eden space 59904K, 100% used [0x000000076ab00000,0x000000076e580000,0x000000076e580000)
  from space 9216K, 16% used [0x000000076e580000,0x000000076e6ff4c8,0x000000076ee80000)
  to   space 8704K, 0% used [0x0000000770580000,0x0000000770580000,0x0000000770e00000)
 ParOldGen       total 64000K, used 42441K [0x00000006c0000000, 0x00000006c3e80000, 0x000000076ab00000)
  object space 64000K, 66% used [0x00000006c0000000,0x00000006c2972468,0x00000006c3e80000)
 Metaspace       used 11124K, capacity 11292K, committed 11648K, reserved 1058816K
  class space    used 1258K, capacity 1310K, committed 1408K, reserved 1048576K
Event: 5.102 GC heap after
Heap after GC invocations=24 (full 0):
 PSYoungGen      total 92672K, used 253K [0x000000076ab00000, 0x0000000770e00000, 0x00000007c0000000)
  eden space 83968K, 0% used [0x000000076ab00000,0x000000076ab00000,0x000000076fd00000)
  from space 8704K, 2% used [0x0000000770580000,0x00000007705bf400,0x0000000770e00000)
  to   space 8704K, 0% used [0x000000076fd00000,0x000000076fd00000,0x0000000770580000)
 ParOldGen       total 64000K, used 42512K [0x00000006c0000000, 0x00000006c3e80000, 0x000000076ab00000)
  object space 64000K, 66% used [0x00000006c0000000,0x00000006c2984248,0x00000006c3e80000)
 Metaspace       used 11124K, capacity 11292K, committed 11648K, reserved 1058816K
  class space    used 1258K, capacity 1310K, committed 1408K, reserved 1048576K
}
Event: 5.483 GC heap before
{Heap before GC invocations=25 (full 0):
 PSYoungGen      total 92672K, used 84221K [0x000000076ab00000, 0x0000000770e00000, 0x00000007c0000000)
  eden space 83968K, 100% used [0x000000076ab00000,0x000000076fd00000,0x000000076fd00000)
  from space 8704K, 2% used [0x0000000770580000,0x00000007705bf400,0x0000000770e00000)
  to   space 8704K, 0% used [0x000000076fd00000,0x000000076fd00000,0x0000000770580000)
 ParOldGen       total 64000K, used 42512K [0x00000006c0000000, 0x00000006c3e80000, 0x000000076ab00000)
  object space 64000K, 66% used [0x00000006c0000000,0x00000006c2984248,0x00000006c3e80000)
 Metaspace       used 11157K, capacity 11292K, committed 11648K, reserved 1058816K
  class space    used 1258K, capacity 1310K, committed 1408K, reserved 1048576K
Event: 5.489 GC heap after
Heap after GC invocations=25 (full 0):
 PSYoungGen      total 92672K, used 1693K [0x000000076ab00000, 0x0000000772600000, 0x00000007c0000000)
  eden space 83968K, 0% used [0x000000076ab00000,0x000000076ab00000,0x000000076fd00000)
  from space 8704K, 19% used [0x000000076fd00000,0x000000076fea76b8,0x0000000770580000)
  to   space 8192K, 0% used [0x0000000771e00000,0x0000000771e00000,0x0000000772600000)
 ParOldGen       total 64000K, used 42557K [0x00000006c0000000, 0x00000006c3e80000, 0x000000076ab00000)
  object space 64000K, 66% used [0x00000006c0000000,0x00000006c298f648,0x00000006c3e80000)
 Metaspace       used 11157K, capacity 11292K, committed 11648K, reserved 1058816K
  class space    used 1258K, capacity 1310K, committed 1408K, reserved 1048576K
}
Event: 5.726 GC heap before
{Heap before GC invocations=26 (full 0):
 PSYoungGen      total 92672K, used 85661K [0x000000076ab00000, 0x0000000772600000, 0x00000007c0000000)
  eden space 83968K, 100% used [0x000000076ab00000,0x000000076fd00000,0x000000076fd00000)
  from space 8704K, 19% used [0x000000076fd00000,0x000000076fea76b8,0x0000000770580000)
  to   space 8192K, 0% used [0x0000000771e00000,0x0000000771e00000,0x0000000772600000)
 ParOldGen       total 64000K, used 42557K [0x00000006c0000000, 0x00000006c3e80000, 0x000000076ab00000)
  object space 64000K, 66% used [0x00000006c0000000,0x00000006c298f648,0x00000006c3e80000)
 Metaspace       used 11180K, capacity 11292K, committed 11648K, reserved 1058816K
  class space    used 1258K, capacity 1310K, committed 1408K, reserved 1048576K
Event: 5.727 GC heap after
Heap after GC invocations=26 (full 0):
 PSYoungGen      total 116736K, used 288K [0x000000076ab00000, 0x0000000772500000, 0x00000007c0000000)
  eden space 109568K, 0% used [0x000000076ab00000,0x000000076ab00000,0x0000000771600000)
  from space 7168K, 4% used [0x0000000771e00000,0x0000000771e48000,0x0000000772500000)
  to   space 7680K, 0% used [0x0000000771600000,0x0000000771600000,0x0000000771d80000)
 ParOldGen       total 64000K, used 42612K [0x00000006c0000000, 0x00000006c3e80000, 0x000000076ab00000)
  object space 64000K, 66% used [0x00000006c0000000,0x00000006c299d088,0x00000006c3e80000)
 Metaspace       used 11180K, capacity 11292K, committed 11648K, reserved 1058816K
  class space    used 1258K, capacity 1310K, committed 1408K, reserved 1048576K
}

Deoptimization events (10 events):
Event: 4.581 Thread 0x000000000256e000 Uncommon trap: reason=class_check action=maybe_recompile pc=0x00000000103b5014 method=org.apache.lucene.search.BooleanTopLevelScorers$BoostedScorer.score()F @ 4
Event: 4.588 Thread 0x000000000256e000 Uncommon trap: reason=class_check action=maybe_recompile pc=0x00000000103b5014 method=org.apache.lucene.search.BooleanTopLevelScorers$BoostedScorer.score()F @ 4
Event: 4.590 Thread 0x000000000256e000 Uncommon trap: reason=class_check action=maybe_recompile pc=0x00000000103b5014 method=org.apache.lucene.search.BooleanTopLevelScorers$BoostedScorer.score()F @ 4
Event: 4.638 Thread 0x000000000256e000 Uncommon trap: reason=class_check action=maybe_recompile pc=0x00000000103d5e0c method=org.apache.lucene.search.BooleanTopLevelScorers$BoostedScorer.score()F @ 4
Event: 4.656 Thread 0x000000000256e000 Uncommon trap: reason=class_check action=maybe_recompile pc=0x00000000103b9d10 method=org.apache.lucene.search.BooleanTopLevelScorers$BoostedScorer.score()F @ 4
Event: 4.710 Thread 0x000000000256e000 Uncommon trap: reason=unreached action=reinterpret pc=0x0000000010201548 method=java.lang.AbstractStringBuilder.append(Ljava/lang/String;)Ljava/lang/AbstractStringBuilder; @ 1
Event: 4.727 Thread 0x000000000256e000 Uncommon trap: reason=bimorphic action=maybe_recompile pc=0x0000000010520474 method=org.apache.lucene.search.ConjunctionDISI.doNext(I)I @ 34
Event: 4.741 Thread 0x000000000256e000 Uncommon trap: reason=bimorphic action=maybe_recompile pc=0x0000000010520474 method=org.apache.lucene.search.ConjunctionDISI.doNext(I)I @ 34
Event: 4.747 Thread 0x000000000256e000 Uncommon trap: reason=bimorphic action=maybe_recompile pc=0x0000000010520474 method=org.apache.lucene.search.ConjunctionDISI.doNext(I)I @ 34
Event: 4.756 Thread 0x000000000256e000 Uncommon trap: reason=bimorphic action=maybe_recompile pc=0x0000000010520474 method=org.apache.lucene.search.ConjunctionDISI.doNext(I)I @ 34

Internal exceptions (10 events):
Event: 4.092 Thread 0x000000000256e000 Exception <a 'java/security/PrivilegedActionException'> (0x000000076aee8ee0) thrown at [C:\re\workspace\8-2-build-windows-amd64-cygwin\jdk8u11\648\hotspot\src\share\vm\prims\jvm.cpp, line 1248]
Event: 4.093 Thread 0x000000000256e000 Exception <a 'java/security/PrivilegedActionException'> (0x000000076aeeb628) thrown at [C:\re\workspace\8-2-build-windows-amd64-cygwin\jdk8u11\648\hotspot\src\share\vm\prims\jvm.cpp, line 1248]
Event: 4.093 Thread 0x000000000256e000 Exception <a 'java/security/PrivilegedActionException'> (0x000000076aeedd70) thrown at [C:\re\workspace\8-2-build-windows-amd64-cygwin\jdk8u11\648\hotspot\src\share\vm\prims\jvm.cpp, line 1248]
Event: 4.094 Thread 0x000000000256e000 Exception <a 'java/security/PrivilegedActionException'> (0x000000076aef0788) thrown at [C:\re\workspace\8-2-build-windows-amd64-cygwin\jdk8u11\648\hotspot\src\share\vm\prims\jvm.cpp, line 1248]
Event: 4.095 Thread 0x000000000256e000 Exception <a 'java/security/PrivilegedActionException'> (0x000000076aef3f08) thrown at [C:\re\workspace\8-2-build-windows-amd64-cygwin\jdk8u11\648\hotspot\src\share\vm\prims\jvm.cpp, line 1248]
Event: 4.096 Thread 0x000000000256e000 Exception <a 'java/security/PrivilegedActionException'> (0x000000076aef7048) thrown at [C:\re\workspace\8-2-build-windows-amd64-cygwin\jdk8u11\648\hotspot\src\share\vm\prims\jvm.cpp, line 1248]
Event: 4.097 Thread 0x000000000256e000 Exception <a 'java/security/PrivilegedActionException'> (0x000000076aefa568) thrown at [C:\re\workspace\8-2-build-windows-amd64-cygwin\jdk8u11\648\hotspot\src\share\vm\prims\jvm.cpp, line 1248]
Event: 4.710 Thread 0x000000000256e000 Implicit null exception at 0x00000000102011d6 to 0x0000000010201531
Event: 5.776 Thread 0x000000000256e000 Exception <a 'java/security/PrivilegedActionException'> (0x000000076ba9eb80) thrown at [C:\re\workspace\8-2-build-windows-amd64-cygwin\jdk8u11\648\hotspot\src\share\vm\prims\jvm.cpp, line 1248]
Event: 5.777 Thread 0x000000000256e000 Exception <a 'java/security/PrivilegedActionException'> (0x000000076baa2e58) thrown at [C:\re\workspace\8-2-build-windows-amd64-cygwin\jdk8u11\648\hotspot\src\share\vm\prims\jvm.cpp, line 1248]

Events (10 events):
Event: 6.032 Executing VM operation: GetAllStackTraces
Event: 6.032 Executing VM operation: GetAllStackTraces done
Event: 6.048 Executing VM operation: GetAllStackTraces
Event: 6.048 Executing VM operation: GetAllStackTraces done
Event: 6.064 Executing VM operation: GetAllStackTraces
Event: 6.064 Executing VM operation: GetAllStackTraces done
Event: 6.079 Executing VM operation: GetAllStackTraces
Event: 6.079 Executing VM operation: GetAllStackTraces done
Event: 6.095 Executing VM operation: GetAllStackTraces
Event: 6.095 Executing VM operation: GetAllStackTraces done


Dynamic libraries:
0x00007ff7fcfe0000 - 0x00007ff7fd014000 	C:\Program Files\Java\jdk1.8.0_11\bin\java.exe
0x00007ffa3e220000 - 0x00007ffa3e3f1000 	C:\Windows\SYSTEM32\ntdll.dll
0x00007ffa3e160000 - 0x00007ffa3e20b000 	C:\Windows\System32\KERNEL32.DLL
0x00007ffa3b180000 - 0x00007ffa3b39d000 	C:\Windows\System32\KERNELBASE.dll
0x00007ffa3dd20000 - 0x00007ffa3ddc2000 	C:\Windows\System32\ADVAPI32.dll
0x00007ffa3bf30000 - 0x00007ffa3bfce000 	C:\Windows\System32\msvcrt.dll
0x00007ffa3dcc0000 - 0x00007ffa3dd19000 	C:\Windows\System32\sechost.dll
0x00007ffa3de30000 - 0x00007ffa3df51000 	C:\Windows\System32\RPCRT4.dll
0x00007ffa3bdc0000 - 0x00007ffa3bf25000 	C:\Windows\System32\USER32.dll
0x00007ffa3b100000 - 0x00007ffa3b11e000 	C:\Windows\System32\win32u.dll
0x00007ffa3bc80000 - 0x00007ffa3bcb4000 	C:\Windows\System32\GDI32.dll
0x00007ffa3b450000 - 0x00007ffa3b5d2000 	C:\Windows\System32\gdi32full.dll
0x00007ffa31ce0000 - 0x00007ffa31f59000 	C:\Windows\WinSxS\amd64_microsoft.windows.common-controls_6595b64144ccf1df_6.0.14393.0_none_2d0f50fcbdb171b8\COMCTL32.dll
0x00007ffa3b9b0000 - 0x00007ffa3bc77000 	C:\Windows\System32\combase.dll
0x00007ffa3aee0000 - 0x00007ffa3afd5000 	C:\Windows\System32\ucrtbase.dll
0x00007ffa3b090000 - 0x00007ffa3b0fa000 	C:\Windows\System32\bcryptPrimitives.dll
0x00007ffa3dc20000 - 0x00007ffa3dc4e000 	C:\Windows\System32\IMM32.DLL
0x00000000596d0000 - 0x00000000597a2000 	C:\Program Files\Java\jdk1.8.0_11\jre\bin\msvcr100.dll
0x0000000058990000 - 0x00000000591ba000 	C:\Program Files\Java\jdk1.8.0_11\jre\bin\server\jvm.dll
0x00007ffa3c400000 - 0x00007ffa3c408000 	C:\Windows\System32\PSAPI.DLL
0x00007ffa27070000 - 0x00007ffa27079000 	C:\Windows\SYSTEM32\WSOCK32.dll
0x00007ffa3c470000 - 0x00007ffa3c4da000 	C:\Windows\System32\WS2_32.dll
0x00007ffa38c40000 - 0x00007ffa38c63000 	C:\Windows\SYSTEM32\WINMM.dll
0x00007ffa38be0000 - 0x00007ffa38c0b000 	C:\Windows\SYSTEM32\WINMMBASE.dll
0x00007ffa3ae90000 - 0x00007ffa3aed2000 	C:\Windows\System32\cfgmgr32.dll
0x0000000059680000 - 0x000000005968f000 	C:\Program Files\Java\jdk1.8.0_11\jre\bin\verify.dll
0x0000000059650000 - 0x0000000059678000 	C:\Program Files\Java\jdk1.8.0_11\jre\bin\java.dll
0x0000000010000000 - 0x000000001000c000 	C:\Users\Ahmed\AppData\Roaming\NetBeans\7.4\lib\deployed\jdk16\windows-amd64\profilerinterface.dll
0x0000000059630000 - 0x0000000059646000 	C:\Program Files\Java\jdk1.8.0_11\jre\bin\zip.dll
0x00007ffa3c710000 - 0x00007ffa3dc18000 	C:\Windows\System32\SHELL32.dll
0x00007ffa3a7b0000 - 0x00007ffa3ae8a000 	C:\Windows\System32\windows.storage.dll
0x00007ffa3a760000 - 0x00007ffa3a7ac000 	C:\Windows\System32\powrprof.dll
0x00007ffa3ddd0000 - 0x00007ffa3de22000 	C:\Windows\System32\shlwapi.dll
0x00007ffa3a750000 - 0x00007ffa3a75f000 	C:\Windows\System32\kernel.appcore.dll
0x00007ffa3afe0000 - 0x00007ffa3b089000 	C:\Windows\System32\shcore.dll
0x00007ffa3a720000 - 0x00007ffa3a734000 	C:\Windows\System32\profapi.dll
0x0000000058970000 - 0x000000005898a000 	C:\Program Files\Java\jdk1.8.0_11\jre\bin\net.dll
0x00007ffa394d0000 - 0x00007ffa394e6000 	C:\Windows\system32\PrxerDrv.dll
0x00007ffa3a050000 - 0x00007ffa3a0ac000 	C:\Windows\system32\mswsock.dll
0x0000000058700000 - 0x000000005870d000 	C:\Program Files\Java\jdk1.8.0_11\jre\bin\management.dll
0x0000000058950000 - 0x0000000058961000 	C:\Program Files\Java\jdk1.8.0_11\jre\bin\nio.dll
0x00007ffa3a1f0000 - 0x00007ffa3a207000 	C:\Windows\SYSTEM32\CRYPTSP.dll
0x00007ffa39c60000 - 0x00007ffa39c93000 	C:\Windows\system32\rsaenh.dll
0x00007ffa3a300000 - 0x00007ffa3a32b000 	C:\Windows\SYSTEM32\bcrypt.dll
0x00007ffa39ed0000 - 0x00007ffa39eef000 	C:\Windows\SYSTEM32\USERENV.dll
0x00007ffa3a210000 - 0x00007ffa3a21b000 	C:\Windows\SYSTEM32\CRYPTBASE.dll
0x00007ffa39de0000 - 0x00007ffa39e18000 	C:\Windows\SYSTEM32\IPHLPAPI.DLL
0x00007ffa3e210000 - 0x00007ffa3e218000 	C:\Windows\System32\NSI.dll
0x00007ffa35af0000 - 0x00007ffa35b06000 	C:\Windows\SYSTEM32\dhcpcsvc6.DLL
0x00007ffa35ad0000 - 0x00007ffa35aea000 	C:\Windows\SYSTEM32\dhcpcsvc.DLL
0x00007ffa31b40000 - 0x00007ffa31cd2000 	C:\Windows\SYSTEM32\dbghelp.dll

VM Arguments:
jvm_args: -Dfile.encoding=UTF-8 -Xmx4096m -agentpath:C:/Users/Ahmed/AppData/Roaming/NetBeans/7.4/lib/deployed/jdk16/windows-amd64/profilerinterface.dll=C:\Users\Ahmed\AppData\Roaming\NetBeans\7.4\lib,5140,10 -XX:+HeapDumpOnOutOfMemoryError -XX:HeapDumpPath=H:\NBProject\identifying-relations-for-erq\Working\nbproject\private\profiler 
java_command: working.Working
java_class_path (initial): H:\NBProject\identifying-relations-for-erq\Working\lib\lucene-analyzers-common-5.4.0.jar;H:\NBProject\identifying-relations-for-erq\Working\lib\lucene-core-5.4.0.jar;H:\NBProject\identifying-relations-for-erq\Working\lib\lucene-highlighter-5.4.0.jar;H:\NBProject\identifying-relations-for-erq\Working\lib\lucene-memory-5.4.0.jar;H:\NBProject\identifying-relations-for-erq\Working\lib\lucene-queries-5.4.0.jar;H:\NBProject\identifying-relations-for-erq\Working\lib\lucene-queryparser-5.4.0.jar;H:\NBProject\identifying-relations-for-erq\Working\lib\hadoop-annotations-2.7.1.jar;H:\NBProject\identifying-relations-for-erq\Working\lib\hadoop-common-2.7.1.jar;H:\NBProject\identifying-relations-for-erq\Working\lib\reverb.jar;H:\NBProject\identifying-relations-for-erq\Working\build\classes
Launcher Type: SUN_STANDARD

Environment Variables:
JAVA_HOME=C:\Program Files\Java\jdk1.8.0_11\bin
PATH=C:\ProgramData\Oracle\Java\javapath;C:\Program Files (x86)\Intel\iCLS Client\;C:\Program Files\Intel\iCLS Client\;C:\Windows\system32;C:\Windows;C:\Windows\System32\Wbem;C:\Windows\System32\WindowsPowerShell\v1.0\;C:\Program Files (x86)\NVIDIA Corporation\PhysX\Common;C:\Program Files\Intel\Intel(R) Management Engine Components\DAL;C:\Program Files\Intel\Intel(R) Management Engine Components\IPT;C:\Program Files (x86)\Intel\Intel(R) Management Engine Components\DAL;C:\Program Files (x86)\Intel\Intel(R) Management Engine Components\IPT;c:\Program Files\Intel\WiFi\bin\;c:\Program Files\Common Files\Intel\WirelessCommon\;C:\Program Files\Java\jdk1.8.0_11\bin;C:\Program Files\Java\jdk1.8.0_11;C:\Program Files\erl8.2\bin;C:\Program Files\Git\cmd;C:\Users\Ahmed\AppData\Local\Microsoft\WindowsApps;c:\Program Files\Intel\WiFi\bin\;c:\Program Files\Common Files\Intel\WirelessCommon\
USERNAME=Ahmed
OS=Windows_NT
PROCESSOR_IDENTIFIER=Intel64 Family 6 Model 69 Stepping 1, GenuineIntel



---------------  S Y S T E M  ---------------

OS: Windows 8.1 , 64 bit Build 9600 

CPU:total 4 (2 cores per cpu, 2 threads per core) family 6 model 69 stepping 1, cmov, cx8, fxsr, mmx, sse, sse2, sse3, ssse3, sse4.1, sse4.2, popcnt, avx, avx2, aes, clmul, erms, ht, tsc, tscinvbit

Memory: 4k page, physical 4122776k(914352k free), swap 13700248k(8935488k free)

vm_info: Java HotSpot(TM) 64-Bit Server VM (25.11-b03) for windows-amd64 JRE (1.8.0_11-b12), built on Jun 16 2014 20:57:32 by "java_re" with MS VC++ 10.0 (VS2010)

time: Wed Jan 18 22:06:09 2017
elapsed time: 6 seconds

