#
# There is insufficient memory for the Java Runtime Environment to continue.
# Native memory allocation (malloc) failed to allocate 367376 bytes for Chunk::new
# Possible reasons:
#   The system is out of physical RAM or swap space
#   In 32 bit mode, the process size limit was hit
# Possible solutions:
#   Reduce memory load on the system
#   Increase physical memory or swap space
#   Check if swap backing store is full
#   Use 64 bit Java on a 64 bit OS
#   Decrease Java heap size (-Xmx/-Xms)
#   Decrease number of Java threads
#   Decrease Java thread stack sizes (-Xss)
#   Set larger code cache with -XX:ReservedCodeCacheSize=
# This output file may be truncated or incomplete.
#
#  Out of Memory Error (allocation.cpp:388), pid=8888, tid=7736
#
# JRE version: Java(TM) SE Runtime Environment (8.0_11-b12) (build 1.8.0_11-b12)
# Java VM: Java HotSpot(TM) 64-Bit Server VM (25.11-b03 mixed mode windows-amd64 compressed oops)
# Failed to write core dump. Minidumps are not enabled by default on client versions of Windows
#

---------------  T H R E A D  ---------------

Current thread (0x0000000017d41000):  JavaThread "C2 CompilerThread1" daemon [_thread_in_native, id=7736, stack(0x0000000019390000,0x0000000019490000)]

Stack: [0x0000000019390000,0x0000000019490000]
[error occurred during error reporting (printing stack bounds), id 0xc0000005]

Native frames: (J=compiled Java code, j=interpreted, Vv=VM code, C=native code)
V  [jvm.dll+0x308eca]
V  [jvm.dll+0x25e121]
V  [jvm.dll+0x25ed33]
V  [jvm.dll+0x277366]
V  [jvm.dll+0x27aea3]
V  [jvm.dll+0x59682f]
C  [msvcr100.dll+0x712e3]
V  [jvm.dll+0x595f4d]
C  [ntdll.dll+0xa991d]
C  [ntdll.dll+0x486d3]
C  [ntdll.dll+0xa8a3a]
V  [jvm.dll+0x1fdfe1]


Current CompileTask:
C2:1080599 3049       4       java.util.regex.Pattern$BmpCharProperty::match (50 bytes)


---------------  P R O C E S S  ---------------

Java Threads: ( => current thread )
  0x0000000017d9d800 JavaThread "Service Thread" daemon [_thread_blocked, id=1716, stack(0x0000000019990000,0x0000000019a90000)]
  0x0000000017d47800 JavaThread "C1 CompilerThread2" daemon [_thread_blocked, id=2208, stack(0x0000000019490000,0x0000000019590000)]
=>0x0000000017d41000 JavaThread "C2 CompilerThread1" daemon [_thread_in_native, id=7736, stack(0x0000000019390000,0x0000000019490000)]
  0x0000000017d3f000 JavaThread "C2 CompilerThread0" daemon [_thread_blocked, id=4056, stack(0x0000000019290000,0x0000000019390000)]
  0x0000000017d3d800 JavaThread "Attach Listener" daemon [_thread_blocked, id=2452, stack(0x0000000019190000,0x0000000019290000)]
  0x0000000017d3c800 JavaThread "Signal Dispatcher" daemon [_thread_blocked, id=3380, stack(0x0000000019090000,0x0000000019190000)]
  0x00000000032d8000 JavaThread "Finalizer" daemon [_thread_blocked, id=4060, stack(0x0000000018f90000,0x0000000019090000)]
  0x00000000032cd800 JavaThread "Reference Handler" daemon [_thread_blocked, id=1308, stack(0x0000000018e90000,0x0000000018f90000)]
  0x00000000031dd800 JavaThread "main" [_thread_in_native, id=8008, stack(0x0000000003040000,0x0000000003140000)]

Other Threads:
  0x0000000017d05800 VMThread [stack: 0x0000000018d90000,0x0000000018e90000] [id=7212]
  0x00000000195c0000 WatcherThread [stack: 0x0000000019a90000,0x0000000019b90000] [id=3832]

VM state:not at safepoint (normal execution)

VM Mutex/Monitor currently owned by a thread: None

Heap:
 PSYoungGen      total 75264K, used 12114K [0x00000000d6580000, 0x00000000dc900000, 0x0000000100000000)
  eden space 50176K, 5% used [0x00000000d6580000,0x00000000d67f6900,0x00000000d9680000)
  from space 25088K, 38% used [0x00000000d9680000,0x00000000d9fddf50,0x00000000daf00000)
  to   space 23552K, 0% used [0x00000000daf00000,0x00000000daf00000,0x00000000dc600000)
 ParOldGen       total 522752K, used 226936K [0x0000000083000000, 0x00000000a2e80000, 0x00000000d6580000)
  object space 522752K, 43% used [0x0000000083000000,0x0000000090d9e078,0x00000000a2e80000)
 Metaspace       used 9081K, capacity 9200K, committed 9216K, reserved 1056768K
  class space    used 980K, capacity 1022K, committed 1024K, reserved 1048576K

Card table byte_map: [0x00000000126a0000,0x0000000012a90000] byte_map_base: 0x0000000012288000

Marking Bits: (ParMarkBitMap*) 0x00000000511f12b0
 Begin Bits: [0x0000000013130000, 0x0000000015070000)
 End Bits:   [0x0000000015070000, 0x0000000016fb0000)

Polling page: 0x0000000002fe0000

CodeCache: size=245760Kb used=9214Kb max_used=9263Kb free=236545Kb
 bounds [0x00000000032e0000, 0x0000000003c00000, 0x00000000122e0000]
 total_blobs=2904 nmethods=2550 adapters=267
 compilation: enabled

Compilation events (10 events):
Event: 1079.087 Thread 0x0000000017d47800 nmethod 3053 0x0000000003bb5310 code [0x0000000003bb54c0, 0x0000000003bb5ba8]
Event: 1079.087 Thread 0x0000000017d47800 3054       3       org.apache.lucene.store.ByteBufferIndexInput::freeBuffer (19 bytes)
Event: 1079.088 Thread 0x0000000017d47800 nmethod 3054 0x0000000003bbb0d0 code [0x0000000003bbb240, 0x0000000003bbb448]
Event: 1079.196 Thread 0x0000000017d3f000 3056       4       java.util.regex.Pattern$CharProperty::match (56 bytes)
Event: 1079.213 Thread 0x0000000017d47800 3058       2       java.util.regex.Pattern$GroupTail::match (111 bytes)
Event: 1079.214 Thread 0x0000000017d47800 nmethod 3058 0x0000000003bbaa10 code [0x0000000003bbab80, 0x0000000003bbae28]
Event: 1079.214 Thread 0x0000000017d47800 3059       2       java.util.regex.Pattern$Branch::match (66 bytes)
Event: 1079.215 Thread 0x0000000017d47800 nmethod 3059 0x0000000003bba3d0 code [0x0000000003bba560, 0x0000000003bba838]
Event: 1079.337 Thread 0x0000000017d47800 3060       3       java.lang.reflect.Constructor::newInstance (87 bytes)
Event: 1079.338 Thread 0x0000000017d47800 nmethod 3060 0x0000000003bb9910 code [0x0000000003bb9b00, 0x0000000003bba188]

GC Heap History (10 events):
Event: 1075.450 GC heap before
{Heap before GC invocations=2121 (full 0):
 PSYoungGen      total 58368K, used 47541K [0x00000000d6580000, 0x00000000db200000, 0x0000000100000000)
  eden space 38400K, 99% used [0x00000000d6580000,0x00000000d8af1128,0x00000000d8b00000)
  from space 19968K, 46% used [0x00000000d9e80000,0x00000000da77c698,0x00000000db200000)
  to   space 19968K, 0% used [0x00000000d8b00000,0x00000000d8b00000,0x00000000d9e80000)
 ParOldGen       total 522752K, used 226856K [0x0000000083000000, 0x00000000a2e80000, 0x00000000d6580000)
  object space 522752K, 43% used [0x0000000083000000,0x0000000090d8a078,0x00000000a2e80000)
 Metaspace       used 8755K, capacity 8848K, committed 8960K, reserved 1056768K
  class space    used 943K, capacity 990K, committed 1024K, reserved 1048576K
Event: 1075.452 GC heap after
Heap after GC invocations=2121 (full 0):
 PSYoungGen      total 58368K, used 3663K [0x00000000d6580000, 0x00000000db780000, 0x0000000100000000)
  eden space 38400K, 0% used [0x00000000d6580000,0x00000000d6580000,0x00000000d8b00000)
  from space 19968K, 18% used [0x00000000d8b00000,0x00000000d8e93d48,0x00000000d9e80000)
  to   space 18944K, 0% used [0x00000000da500000,0x00000000da500000,0x00000000db780000)
 ParOldGen       total 522752K, used 226864K [0x0000000083000000, 0x00000000a2e80000, 0x00000000d6580000)
  object space 522752K, 43% used [0x0000000083000000,0x0000000090d8c078,0x00000000a2e80000)
 Metaspace       used 8755K, capacity 8848K, committed 8960K, reserved 1056768K
  class space    used 943K, capacity 990K, committed 1024K, reserved 1048576K
}
Event: 1075.638 GC heap before
{Heap before GC invocations=2122 (full 0):
 PSYoungGen      total 58368K, used 42063K [0x00000000d6580000, 0x00000000db780000, 0x0000000100000000)
  eden space 38400K, 100% used [0x00000000d6580000,0x00000000d8b00000,0x00000000d8b00000)
  from space 19968K, 18% used [0x00000000d8b00000,0x00000000d8e93d48,0x00000000d9e80000)
  to   space 18944K, 0% used [0x00000000da500000,0x00000000da500000,0x00000000db780000)
 ParOldGen       total 522752K, used 226864K [0x0000000083000000, 0x00000000a2e80000, 0x00000000d6580000)
  object space 522752K, 43% used [0x0000000083000000,0x0000000090d8c078,0x00000000a2e80000)
 Metaspace       used 8755K, capacity 8848K, committed 8960K, reserved 1056768K
  class space    used 943K, capacity 990K, committed 1024K, reserved 1048576K
Event: 1075.646 GC heap after
Heap after GC invocations=2122 (full 0):
 PSYoungGen      total 61952K, used 18269K [0x00000000d6580000, 0x00000000dbd80000, 0x0000000100000000)
  eden space 43008K, 0% used [0x00000000d6580000,0x00000000d6580000,0x00000000d8f80000)
  from space 18944K, 96% used [0x00000000da500000,0x00000000db6d74e0,0x00000000db780000)
  to   space 22016K, 0% used [0x00000000d8f80000,0x00000000d8f80000,0x00000000da500000)
 ParOldGen       total 522752K, used 226872K [0x0000000083000000, 0x00000000a2e80000, 0x00000000d6580000)
  object space 522752K, 43% used [0x0000000083000000,0x0000000090d8e078,0x00000000a2e80000)
 Metaspace       used 8755K, capacity 8848K, committed 8960K, reserved 1056768K
  class space    used 943K, capacity 990K, committed 1024K, reserved 1048576K
}
Event: 1076.411 GC heap before
{Heap before GC invocations=2123 (full 0):
 PSYoungGen      total 61952K, used 60547K [0x00000000d6580000, 0x00000000dbd80000, 0x0000000100000000)
  eden space 43008K, 98% used [0x00000000d6580000,0x00000000d8ec9a60,0x00000000d8f80000)
  from space 18944K, 96% used [0x00000000da500000,0x00000000db6d74e0,0x00000000db780000)
  to   space 22016K, 0% used [0x00000000d8f80000,0x00000000d8f80000,0x00000000da500000)
 ParOldGen       total 522752K, used 226872K [0x0000000083000000, 0x00000000a2e80000, 0x00000000d6580000)
  object space 522752K, 43% used [0x0000000083000000,0x0000000090d8e078,0x00000000a2e80000)
 Metaspace       used 8755K, capacity 8848K, committed 8960K, reserved 1056768K
  class space    used 943K, capacity 990K, committed 1024K, reserved 1048576K
Event: 1076.417 GC heap after
Heap after GC invocations=2123 (full 0):
 PSYoungGen      total 65024K, used 16011K [0x00000000d6580000, 0x00000000dc600000, 0x0000000100000000)
  eden space 43008K, 0% used [0x00000000d6580000,0x00000000d6580000,0x00000000d8f80000)
  from space 22016K, 72% used [0x00000000d8f80000,0x00000000d9f22d60,0x00000000da500000)
  to   space 23552K, 0% used [0x00000000daf00000,0x00000000daf00000,0x00000000dc600000)
 ParOldGen       total 522752K, used 226896K [0x0000000083000000, 0x00000000a2e80000, 0x00000000d6580000)
  object space 522752K, 43% used [0x0000000083000000,0x0000000090d94078,0x00000000a2e80000)
 Metaspace       used 8755K, capacity 8848K, committed 8960K, reserved 1056768K
  class space    used 943K, capacity 990K, committed 1024K, reserved 1048576K
}
Event: 1076.650 GC heap before
{Heap before GC invocations=2124 (full 0):
 PSYoungGen      total 65024K, used 58930K [0x00000000d6580000, 0x00000000dc600000, 0x0000000100000000)
  eden space 43008K, 99% used [0x00000000d6580000,0x00000000d8f69cf0,0x00000000d8f80000)
  from space 22016K, 72% used [0x00000000d8f80000,0x00000000d9f22d60,0x00000000da500000)
  to   space 23552K, 0% used [0x00000000daf00000,0x00000000daf00000,0x00000000dc600000)
 ParOldGen       total 522752K, used 226896K [0x0000000083000000, 0x00000000a2e80000, 0x00000000d6580000)
  object space 522752K, 43% used [0x0000000083000000,0x0000000090d94078,0x00000000a2e80000)
 Metaspace       used 8755K, capacity 8848K, committed 8960K, reserved 1056768K
  class space    used 943K, capacity 990K, committed 1024K, reserved 1048576K
Event: 1076.655 GC heap after
Heap after GC invocations=2124 (full 0):
 PSYoungGen      total 73728K, used 15588K [0x00000000d6580000, 0x00000000dc900000, 0x0000000100000000)
  eden space 50176K, 0% used [0x00000000d6580000,0x00000000d6580000,0x00000000d9680000)
  from space 23552K, 66% used [0x00000000daf00000,0x00000000dbe392d8,0x00000000dc600000)
  to   space 25088K, 0% used [0x00000000d9680000,0x00000000d9680000,0x00000000daf00000)
 ParOldGen       total 522752K, used 226920K [0x0000000083000000, 0x00000000a2e80000, 0x00000000d6580000)
  object space 522752K, 43% used [0x0000000083000000,0x0000000090d9a078,0x00000000a2e80000)
 Metaspace       used 8755K, capacity 8848K, committed 8960K, reserved 1056768K
  class space    used 943K, capacity 990K, committed 1024K, reserved 1048576K
}
Event: 1079.346 GC heap before
{Heap before GC invocations=2125 (full 0):
 PSYoungGen      total 73728K, used 64784K [0x00000000d6580000, 0x00000000dc900000, 0x0000000100000000)
  eden space 50176K, 98% used [0x00000000d6580000,0x00000000d958aff0,0x00000000d9680000)
  from space 23552K, 66% used [0x00000000daf00000,0x00000000dbe392d8,0x00000000dc600000)
  to   space 25088K, 0% used [0x00000000d9680000,0x00000000d9680000,0x00000000daf00000)
 ParOldGen       total 522752K, used 226920K [0x0000000083000000, 0x00000000a2e80000, 0x00000000d6580000)
  object space 522752K, 43% used [0x0000000083000000,0x0000000090d9a078,0x00000000a2e80000)
 Metaspace       used 9081K, capacity 9200K, committed 9216K, reserved 1056768K
  class space    used 980K, capacity 1022K, committed 1024K, reserved 1048576K
Event: 1079.351 GC heap after
Heap after GC invocations=2125 (full 0):
 PSYoungGen      total 75264K, used 9591K [0x00000000d6580000, 0x00000000dc900000, 0x0000000100000000)
  eden space 50176K, 0% used [0x00000000d6580000,0x00000000d6580000,0x00000000d9680000)
  from space 25088K, 38% used [0x00000000d9680000,0x00000000d9fddf50,0x00000000daf00000)
  to   space 23552K, 0% used [0x00000000daf00000,0x00000000daf00000,0x00000000dc600000)
 ParOldGen       total 522752K, used 226936K [0x0000000083000000, 0x00000000a2e80000, 0x00000000d6580000)
  object space 522752K, 43% used [0x0000000083000000,0x0000000090d9e078,0x00000000a2e80000)
 Metaspace       used 9081K, capacity 9200K, committed 9216K, reserved 1056768K
  class space    used 980K, capacity 1022K, committed 1024K, reserved 1048576K
}

Deoptimization events (10 events):
Event: 1079.032 Thread 0x00000000031dd800 Uncommon trap: reason=class_check action=maybe_recompile pc=0x0000000003911644 method=java.util.regex.Pattern$BranchConn.match(Ljava/util/regex/Matcher;ILjava/lang/CharSequence;)Z @ 7
Event: 1079.032 Thread 0x00000000031dd800 Uncommon trap: reason=class_check action=maybe_recompile pc=0x00000000036a0b80 method=java.util.regex.Pattern$5.isSatisfiedBy(I)Z @ 5
Event: 1079.032 Thread 0x00000000031dd800 Uncommon trap: reason=class_check action=maybe_recompile pc=0x000000000391161c method=java.util.regex.Pattern$GroupTail.match(Ljava/util/regex/Matcher;ILjava/lang/CharSequence;)Z @ 70
Event: 1079.032 Thread 0x00000000031dd800 Uncommon trap: reason=class_check action=maybe_recompile pc=0x0000000003911644 method=java.util.regex.Pattern$BranchConn.match(Ljava/util/regex/Matcher;ILjava/lang/CharSequence;)Z @ 7
Event: 1079.032 Thread 0x00000000031dd800 Uncommon trap: reason=class_check action=maybe_recompile pc=0x00000000036a0b80 method=java.util.regex.Pattern$5.isSatisfiedBy(I)Z @ 5
Event: 1079.069 Thread 0x00000000031dd800 Uncommon trap: reason=bimorphic action=maybe_recompile pc=0x0000000003b6dbfc method=org.apache.lucene.index.IndexReader.decRef()V @ 40
Event: 1079.070 Thread 0x00000000031dd800 Uncommon trap: reason=unreached action=reinterpret pc=0x0000000003466ff8 method=org.apache.lucene.store.ByteBufferIndexInput.close()V @ 4
Event: 1079.071 Thread 0x00000000031dd800 Uncommon trap: reason=bimorphic action=maybe_recompile pc=0x0000000003b6dbfc method=org.apache.lucene.index.IndexReader.decRef()V @ 40
Event: 1079.072 Thread 0x00000000031dd800 Uncommon trap: reason=bimorphic action=maybe_recompile pc=0x0000000003b6dbfc method=org.apache.lucene.index.IndexReader.decRef()V @ 40
Event: 1079.072 Thread 0x00000000031dd800 Uncommon trap: reason=bimorphic action=maybe_recompile pc=0x0000000003b6dbfc method=org.apache.lucene.index.IndexReader.decRef()V @ 40

Internal exceptions (10 events):
Event: 400.962 Thread 0x00000000031dd800 Exception <a 'java/security/PrivilegedActionException'> (0x00000000d6670340) thrown at [C:\re\workspace\8-2-build-windows-amd64-cygwin\jdk8u11\648\hotspot\src\share\vm\prims\jvm.cpp, line 1248]
Event: 400.962 Thread 0x00000000031dd800 Exception <a 'java/security/PrivilegedActionException'> (0x00000000d6673148) thrown at [C:\re\workspace\8-2-build-windows-amd64-cygwin\jdk8u11\648\hotspot\src\share\vm\prims\jvm.cpp, line 1248]
Event: 400.962 Thread 0x00000000031dd800 Exception <a 'java/security/PrivilegedActionException'> (0x00000000d66776d0) thrown at [C:\re\workspace\8-2-build-windows-amd64-cygwin\jdk8u11\648\hotspot\src\share\vm\prims\jvm.cpp, line 1248]
Event: 400.963 Thread 0x00000000031dd800 Exception <a 'java/security/PrivilegedActionException'> (0x00000000d6686710) thrown at [C:\re\workspace\8-2-build-windows-amd64-cygwin\jdk8u11\648\hotspot\src\share\vm\prims\jvm.cpp, line 1248]
Event: 400.964 Thread 0x00000000031dd800 Exception <a 'java/security/PrivilegedActionException'> (0x00000000d66899b0) thrown at [C:\re\workspace\8-2-build-windows-amd64-cygwin\jdk8u11\648\hotspot\src\share\vm\prims\jvm.cpp, line 1248]
Event: 400.964 Thread 0x00000000031dd800 Exception <a 'java/security/PrivilegedActionException'> (0x00000000d668c978) thrown at [C:\re\workspace\8-2-build-windows-amd64-cygwin\jdk8u11\648\hotspot\src\share\vm\prims\jvm.cpp, line 1248]
Event: 1013.118 Thread 0x00000000031dd800 Exception <a 'java/security/PrivilegedActionException'> (0x00000000db0e0db8) thrown at [C:\re\workspace\8-2-build-windows-amd64-cygwin\jdk8u11\648\hotspot\src\share\vm\prims\jvm.cpp, line 1248]
Event: 1077.616 Thread 0x00000000031dd800 Exception <a 'java/io/IOException'> (0x00000000d88c9260) thrown at [C:\re\workspace\8-2-build-windows-amd64-cygwin\jdk8u11\648\hotspot\src\share\vm\prims\jni.cpp, line 716]
Event: 1078.759 Thread 0x00000000031dd800 Implicit null exception at 0x0000000003412776 to 0x0000000003413019
Event: 1079.070 Thread 0x00000000031dd800 Implicit null exception at 0x0000000003464cf6 to 0x0000000003466fe5

Events (10 events):
Event: 1079.072 Thread 0x00000000031dd800 Uncommon trap: trap_request=0xffffffc6 fr.pc=0x0000000003b6dbfc
Event: 1079.072 Thread 0x00000000031dd800 DEOPT PACKING pc=0x0000000003b6dbfc sp=0x000000000313eda0
Event: 1079.072 Thread 0x00000000031dd800 DEOPT UNPACKING pc=0x00000000033255af sp=0x000000000313ed60 mode 2
Event: 1079.072 Thread 0x00000000031dd800 Uncommon trap: trap_request=0xffffffc6 fr.pc=0x0000000003b6dbfc
Event: 1079.072 Thread 0x00000000031dd800 DEOPT PACKING pc=0x0000000003b6dbfc sp=0x000000000313eda0
Event: 1079.072 Thread 0x00000000031dd800 DEOPT UNPACKING pc=0x00000000033255af sp=0x000000000313ed60 mode 2
Event: 1079.346 Executing VM operation: ParallelGCFailedAllocation
Event: 1079.351 Executing VM operation: ParallelGCFailedAllocation done
Event: 1079.367 Executing VM operation: RevokeBias
Event: 1079.367 Executing VM operation: RevokeBias done


Dynamic libraries:
0x00007ff73a360000 - 0x00007ff73a394000 	C:\Program Files\Java\jdk1.8.0_11\bin\java.exe
0x00007ffc04ff0000 - 0x00007ffc051c1000 	C:\Windows\SYSTEM32\ntdll.dll
0x00007ffc02c70000 - 0x00007ffc02d1b000 	C:\Windows\System32\KERNEL32.DLL
0x00007ffc01800000 - 0x00007ffc01a1d000 	C:\Windows\System32\KERNELBASE.dll
0x00007ffc04f40000 - 0x00007ffc04fe2000 	C:\Windows\System32\ADVAPI32.dll
0x00007ffc02d20000 - 0x00007ffc02dbe000 	C:\Windows\System32\msvcrt.dll
0x00007ffc02c10000 - 0x00007ffc02c69000 	C:\Windows\System32\sechost.dll
0x00007ffc038d0000 - 0x00007ffc039f1000 	C:\Windows\System32\RPCRT4.dll
0x00007ffc03160000 - 0x00007ffc032c5000 	C:\Windows\System32\USER32.dll
0x00007ffc016e0000 - 0x00007ffc016fe000 	C:\Windows\System32\win32u.dll
0x00007ffc03120000 - 0x00007ffc03154000 	C:\Windows\System32\GDI32.dll
0x00007ffc01c60000 - 0x00007ffc01de2000 	C:\Windows\System32\gdi32full.dll
0x00007ffbf7450000 - 0x00007ffbf76c9000 	C:\Windows\WinSxS\amd64_microsoft.windows.common-controls_6595b64144ccf1df_6.0.14393.0_none_2d0f50fcbdb171b8\COMCTL32.dll
0x00007ffc033e0000 - 0x00007ffc036a7000 	C:\Windows\System32\combase.dll
0x00007ffc015e0000 - 0x00007ffc016d5000 	C:\Windows\System32\ucrtbase.dll
0x00007ffc01a20000 - 0x00007ffc01a8a000 	C:\Windows\System32\bcryptPrimitives.dll
0x00007ffc02580000 - 0x00007ffc025ae000 	C:\Windows\System32\IMM32.DLL
0x00000000516b0000 - 0x0000000051782000 	C:\Program Files\Java\jdk1.8.0_11\jre\bin\msvcr100.dll
0x0000000050a40000 - 0x000000005126a000 	C:\Program Files\Java\jdk1.8.0_11\jre\bin\server\jvm.dll
0x00007ffc02aa0000 - 0x00007ffc02aa8000 	C:\Windows\System32\PSAPI.DLL
0x00007ffbec620000 - 0x00007ffbec629000 	C:\Windows\SYSTEM32\WSOCK32.dll
0x00007ffc03370000 - 0x00007ffc033da000 	C:\Windows\System32\WS2_32.dll
0x00007ffbffa10000 - 0x00007ffbffa33000 	C:\Windows\SYSTEM32\WINMM.dll
0x00007ffbff9b0000 - 0x00007ffbff9db000 	C:\Windows\SYSTEM32\WINMMBASE.dll
0x00007ffc017b0000 - 0x00007ffc017f2000 	C:\Windows\System32\cfgmgr32.dll
0x0000000051660000 - 0x000000005166f000 	C:\Program Files\Java\jdk1.8.0_11\jre\bin\verify.dll
0x0000000051630000 - 0x0000000051658000 	C:\Program Files\Java\jdk1.8.0_11\jre\bin\java.dll
0x0000000051610000 - 0x0000000051626000 	C:\Program Files\Java\jdk1.8.0_11\jre\bin\zip.dll
0x00007ffc03a30000 - 0x00007ffc04f38000 	C:\Windows\System32\SHELL32.dll
0x00007ffc01ea0000 - 0x00007ffc0257a000 	C:\Windows\System32\windows.storage.dll
0x00007ffc01500000 - 0x00007ffc0154c000 	C:\Windows\System32\powrprof.dll
0x00007ffc03060000 - 0x00007ffc030b2000 	C:\Windows\System32\shlwapi.dll
0x00007ffc01550000 - 0x00007ffc0155f000 	C:\Windows\System32\kernel.appcore.dll
0x00007ffc01700000 - 0x00007ffc017a9000 	C:\Windows\System32\shcore.dll
0x00007ffc01560000 - 0x00007ffc01574000 	C:\Windows\System32\profapi.dll
0x0000000050a20000 - 0x0000000050a3a000 	C:\Program Files\Java\jdk1.8.0_11\jre\bin\net.dll
0x00007ffc002a0000 - 0x00007ffc002b6000 	C:\Windows\system32\PrxerDrv.dll
0x00007ffc00dc0000 - 0x00007ffc00e1c000 	C:\Windows\system32\mswsock.dll
0x0000000050a00000 - 0x0000000050a11000 	C:\Program Files\Java\jdk1.8.0_11\jre\bin\nio.dll
0x00000000507b0000 - 0x00000000507bd000 	C:\Program Files\Java\jdk1.8.0_11\jre\bin\management.dll
0x00007ffbed7b0000 - 0x00007ffbed942000 	C:\Windows\SYSTEM32\dbghelp.dll

VM Arguments:
jvm_args: -Dfile.encoding=UTF-8 -Xms512M -Xmx2000M 
java_command: working.Working
java_class_path (initial): H:\NBProject\identifying-relations-for-erq\Working\lib\lucene-analyzers-common-5.4.0.jar;H:\NBProject\identifying-relations-for-erq\Working\lib\lucene-core-5.4.0.jar;H:\NBProject\identifying-relations-for-erq\Working\lib\lucene-highlighter-5.4.0.jar;H:\NBProject\identifying-relations-for-erq\Working\lib\lucene-memory-5.4.0.jar;H:\NBProject\identifying-relations-for-erq\Working\lib\lucene-queries-5.4.0.jar;H:\NBProject\identifying-relations-for-erq\Working\lib\lucene-queryparser-5.4.0.jar;H:\NBProject\identifying-relations-for-erq\Working\lib\hadoop-annotations-2.7.1.jar;H:\NBProject\identifying-relations-for-erq\Working\lib\hadoop-common-2.7.1.jar;H:\NBProject\identifying-relations-for-erq\Working\lib\reverb.jar;H:\NBProject\identifying-relations-for-erq\Working\build\classes
Launcher Type: SUN_STANDARD

Environment Variables:
JAVA_HOME=C:\Program Files\Java\jdk1.8.0_11\bin
PATH=C:\ProgramData\Oracle\Java\javapath;C:\Program Files (x86)\Intel\iCLS Client\;C:\Program Files\Intel\iCLS Client\;C:\Windows\system32;C:\Windows;C:\Windows\System32\Wbem;C:\Windows\System32\WindowsPowerShell\v1.0\;C:\Program Files (x86)\NVIDIA Corporation\PhysX\Common;C:\Program Files\Intel\Intel(R) Management Engine Components\DAL;C:\Program Files\Intel\Intel(R) Management Engine Components\IPT;C:\Program Files (x86)\Intel\Intel(R) Management Engine Components\DAL;C:\Program Files (x86)\Intel\Intel(R) Management Engine Components\IPT;c:\Program Files\Intel\WiFi\bin\;c:\Program Files\Common Files\Intel\WirelessCommon\;C:\Program Files\Java\jdk1.8.0_11\bin;C:\Program Files\Java\jdk1.8.0_11;C:\Program Files\erl8.2\bin;C:\Program Files\Git\cmd;C:\Users\Ahmed\AppData\Local\Microsoft\WindowsApps;c:\Program Files\Intel\WiFi\bin\;c:\Program Files\Common Files\Intel\WirelessCommon\
USERNAME=Ahmed
OS=Windows_NT
PROCESSOR_IDENTIFIER=Intel64 Family 6 Model 69 Stepping 1, GenuineIntel



---------------  S Y S T E M  ---------------

OS: Windows 8.1 , 64 bit Build 9600 

CPU:total 4 (2 cores per cpu, 2 threads per core) family 6 model 69 stepping 1, cmov, cx8, fxsr, mmx, sse, sse2, sse3, ssse3, sse4.1, sse4.2, popcnt, avx, avx2, aes, clmul, erms, ht, tsc, tscinvbit

Memory: 4k page, physical 4122776k(449304k free), swap 23277720k(24324k free)

vm_info: Java HotSpot(TM) 64-Bit Server VM (25.11-b03) for windows-amd64 JRE (1.8.0_11-b12), built on Jun 16 2014 20:57:32 by "java_re" with MS VC++ 10.0 (VS2010)

time: Sun Jan 08 23:26:53 2017
elapsed time: 1080 seconds

