#
# A fatal error has been detected by the Java Runtime Environment:
#
#  EXCEPTION_ACCESS_VIOLATION (0xc0000005) at pc=0x0000000058a87683, pid=10348, tid=2676
#
# JRE version: Java(TM) SE Runtime Environment (8.0_11-b12) (build 1.8.0_11-b12)
# Java VM: Java HotSpot(TM) 64-Bit Server VM (25.11-b03 mixed mode windows-amd64 compressed oops)
# Problematic frame:
# V  [jvm.dll+0x117683]
#
# Failed to write core dump. Minidumps are not enabled by default on client versions of Windows
#
# If you would like to submit a bug report, please visit:
#   http://bugreport.sun.com/bugreport/crash.jsp
#

---------------  T H R E A D  ---------------

Current thread (0x000000000ee99800):  JavaThread "*** Profiler Agent Communication Thread" daemon [_thread_in_vm, id=2676, stack(0x000000000f240000,0x000000000f340000)]

siginfo: ExceptionCode=0xc0000005, reading address 0xffffffffffffffff

Registers:
RAX=0x000000000f33f301, RBX=0x040a042850208080, RCX=0x00000000438cd1a8, RDX=0x0000000000000000
RSP=0x000000000f33f2f0, RBP=0x00000000017a9b00, RSI=0x00000000438cd1a8, RDI=0x000000000f33f410
R8 =0x000000000ee99800, R9 =0x0000000000000000, R10=0x0000000000000000, R11=0x0000000000000064
R12=0x00000000017bedf0, R13=0x000000000000000c, R14=0x00000000100086a0, R15=0x000000000ee99800
RIP=0x0000000058a87683, EFLAGS=0x0000000000010212

Top of Stack: (sp=0x000000000f33f2f0)
0x000000000f33f2f0:   0000000000000000 000000000000000c
0x000000000f33f300:   000000000ee99800 0000000058afd469
0x000000000f33f310:   000000000ee99800 0000000058c93f3d
0x000000000f33f320:   000000000ee99800 0000000010003178
0x000000000f33f330:   000000000f33f3c0 0000000058c7a12b
0x000000000f33f340:   000000000ee99800 0000000000000000
0x000000000f33f350:   0000000000000000 0000000000000000
0x000000000f33f360:   00000000438cd1a8 0000000010003502
0x000000000f33f370:   0000000000000002 000000000ee999e0
0x000000000f33f380:   0000000000000036 000000001f3df1f3
0x000000000f33f390:   000000000f33f3c0 00000005430c2dc8
0x000000000f33f3a0:   000000001f3df1d0 000000001f72f780
0x000000000f33f3b0:   000000001f72f500 000000001f3dc870
0x000000000f33f3c0:   000000001f3de990 0000000010016f70
0x000000000f33f3d0:   000000000f33f4b8 000000000d19c108
0x000000000f33f3e0:   0000000000000000 00000000000b0000 

Instructions: (pc=0x0000000058a87683)
0x0000000058a87663:   28 48 85 c9 75 07 33 c0 48 83 c4 28 c3 48 89 5c
0x0000000058a87673:   24 20 48 8b 19 48 85 db 74 20 48 83 fb 37 74 1a
0x0000000058a87683:   48 8b 13 48 8b cb ff 52 08 84 c0 74 0d 48 8b c3
0x0000000058a87693:   48 8b 5c 24 20 48 83 c4 28 c3 33 c0 48 8b 5c 24 


Register to memory mapping:

RAX=0x000000000f33f301 is pointing into the stack for thread: 0x000000000ee99800
RBX=0x040a042850208080 is an unknown value
RCX=0x00000000438cd1a8 is an unknown value
RDX=0x0000000000000000 is an unknown value
RSP=0x000000000f33f2f0 is pointing into the stack for thread: 0x000000000ee99800
RBP=0x00000000017a9b00 is an unknown value
RSI=0x00000000438cd1a8 is an unknown value
RDI=0x000000000f33f410 is pointing into the stack for thread: 0x000000000ee99800
R8 =0x000000000ee99800 is a thread
R9 =0x0000000000000000 is an unknown value
R10=0x0000000000000000 is an unknown value
R11=0x0000000000000064 is an unknown value
R12=0x00000000017bedf0 is an unknown value
R13=0x000000000000000c is an unknown value
R14=0x00000000100086a0 is an unknown value
R15=0x000000000ee99800 is a thread


Stack: [0x000000000f240000,0x000000000f340000],  sp=0x000000000f33f2f0,  free space=1020k
Native frames: (J=compiled Java code, j=interpreted, Vv=VM code, C=native code)
V  [jvm.dll+0x117683]
V  [jvm.dll+0x323f3d]
C  [profilerinterface.dll+0x3502]
C  0x00000000100251ae

Java frames: (J=compiled Java code, j=interpreted, Vv=VM code)
j  org.netbeans.lib.profiler.server.system.Stacks.getMethodNamesForJMethodIds(I[I[I)[B+0
j  org.netbeans.lib.profiler.server.ProfilerInterface.getMethodNamesForJMethodIds([I)Lorg/netbeans/lib/profiler/wireprotocol/MethodNamesResponse;+18
j  org.netbeans.lib.profiler.server.ProfilerServer.handleClientCommand(Lorg/netbeans/lib/profiler/wireprotocol/Command;)V+675
j  org.netbeans.lib.profiler.server.ProfilerServer.listenToClient()V+48
j  org.netbeans.lib.profiler.server.ProfilerServer.run()V+22
v  ~StubRoutines::call_stub

---------------  P R O C E S S  ---------------

Java Threads: ( => current thread )
  0x000000000f04f800 JavaThread "Service Thread" daemon [_thread_blocked, id=2840, stack(0x000000001f010000,0x000000001f110000)]
  0x000000000efb2000 JavaThread "C1 CompilerThread2" daemon [_thread_blocked, id=6948, stack(0x000000000fe90000,0x000000000ff90000)]
  0x000000000ef49000 JavaThread "C2 CompilerThread1" daemon [_thread_in_native, id=3788, stack(0x000000000fd90000,0x000000000fe90000)]
  0x000000000ef48000 JavaThread "C2 CompilerThread0" daemon [_thread_in_native, id=7180, stack(0x000000000fc90000,0x000000000fd90000)]
  0x000000000ef44800 JavaThread "*** Profiler Agent Special Execution Thread 10" daemon [_thread_blocked, id=10588, stack(0x000000000fb90000,0x000000000fc90000)]
  0x000000000eedb800 JavaThread "*** Profiler Agent Special Execution Thread 6" daemon [_thread_blocked, id=10336, stack(0x000000000f520000,0x000000000f620000)]
  0x000000000eeda800 JavaThread "*** JFluid Monitor thread ***" daemon [_thread_blocked, id=7612, stack(0x000000000f3b0000,0x000000000f4b0000)]
=>0x000000000ee99800 JavaThread "*** Profiler Agent Communication Thread" daemon [_thread_in_vm, id=2676, stack(0x000000000f240000,0x000000000f340000)]
  0x000000000d7ef800 JavaThread "Attach Listener" daemon [_thread_blocked, id=1548, stack(0x000000000ed40000,0x000000000ee40000)]
  0x000000000d7ee800 JavaThread "Signal Dispatcher" daemon [_thread_blocked, id=3556, stack(0x000000000ec40000,0x000000000ed40000)]
  0x0000000003116800 JavaThread "Finalizer" daemon [_thread_blocked, id=9576, stack(0x000000000ea40000,0x000000000eb40000)]
  0x000000000d7b8800 JavaThread "Reference Handler" daemon [_thread_blocked, id=7864, stack(0x000000000e940000,0x000000000ea40000)]
  0x00000000017ae000 JavaThread "main" [_thread_in_Java, id=8992, stack(0x0000000002f20000,0x0000000003020000)]

Other Threads:
  0x000000000d7b6800 VMThread [stack: 0x000000000e840000,0x000000000e940000] [id=7432]
  0x000000000f0ac800 WatcherThread [stack: 0x000000001f110000,0x000000001f210000] [id=9928]

VM state:synchronizing (normal execution)

VM Mutex/Monitor currently owned by a thread:  ([mutex/lock_event])
[0x00000000017ad630] Safepoint_lock - owner thread: 0x000000000d7b6800
[0x00000000017ad930] Threads_lock - owner thread: 0x000000000d7b6800

Heap:
 PSYoungGen      total 78848K, used 33028K [0x000000076ab00000, 0x0000000771b80000, 0x00000007c0000000)
  eden space 69120K, 47% used [0x000000076ab00000,0x000000076cad0208,0x000000076ee80000)
  from space 9728K, 4% used [0x000000076ee80000,0x000000076eef0fa8,0x000000076f800000)
  to   space 9216K, 0% used [0x0000000771280000,0x0000000771280000,0x0000000771b80000)
 ParOldGen       total 64000K, used 42770K [0x00000006c0000000, 0x00000006c3e80000, 0x000000076ab00000)
  object space 64000K, 66% used [0x00000006c0000000,0x00000006c29c4b90,0x00000006c3e80000)
 Metaspace       used 11114K, capacity 11228K, committed 11392K, reserved 1058816K
  class space    used 1258K, capacity 1310K, committed 1408K, reserved 1048576K

Card table byte_map: [0x00000000034e0000,0x0000000003cf0000] byte_map_base: 0xffffffffffee0000

Marking Bits: (ParMarkBitMap*) 0x00000000591212b0
 Begin Bits: [0x0000000004650000, 0x0000000008650000)
 End Bits:   [0x0000000008650000, 0x000000000c650000)

Polling page: 0x0000000002d50000

CodeCache: size=245760Kb used=5584Kb max_used=5584Kb free=240176Kb
 bounds [0x0000000010010000, 0x00000000105a0000, 0x000000001f010000]
 total_blobs=2177 nmethods=1795 adapters=295
 compilation: enabled

Compilation events (10 events):
Event: 3.738 Thread 0x000000000efb2000 2033       3       org.apache.lucene.codecs.lucene50.Lucene50PostingsReader$BlockPostingsEnum::refillPositions (166 bytes)
Event: 3.739 Thread 0x000000000efb2000 nmethod 2033 0x0000000010551f50 code [0x0000000010552160, 0x0000000010552c78]
Event: 3.746 Thread 0x000000000efb2000 2035       2       java.net.SocketInputStream::read (15 bytes)
Event: 3.746 Thread 0x000000000efb2000 nmethod 2035 0x0000000010581390 code [0x0000000010581500, 0x00000000105816b8]
Event: 3.747 Thread 0x000000000efb2000 2036   !   2       java.net.SocketInputStream::read (290 bytes)
Event: 3.748 Thread 0x000000000efb2000 nmethod 2036 0x0000000010580210 code [0x00000000105804a0, 0x0000000010580d78]
Event: 3.749 Thread 0x000000000efb2000 2038       2       java.io.ObjectOutputStream$BlockDataOutputStream::write (33 bytes)
Event: 3.750 Thread 0x000000000efb2000 nmethod 2038 0x000000001057fdd0 code [0x000000001057ff40, 0x0000000010580108]
Event: 3.750 Thread 0x000000000efb2000 2039       2       java.io.ObjectOutputStream::write (9 bytes)
Event: 3.750 Thread 0x000000000efb2000 nmethod 2039 0x000000001057f950 code [0x000000001057fac0, 0x000000001057fc88]

GC Heap History (10 events):
Event: 2.694 GC heap before
{Heap before GC invocations=17 (full 0):
 PSYoungGen      total 46080K, used 35398K [0x000000076ab00000, 0x000000076e300000, 0x00000007c0000000)
  eden space 34816K, 100% used [0x000000076ab00000,0x000000076cd00000,0x000000076cd00000)
  from space 11264K, 5% used [0x000000076d800000,0x000000076d891b58,0x000000076e300000)
  to   space 11264K, 0% used [0x000000076cd00000,0x000000076cd00000,0x000000076d800000)
 ParOldGen       total 64000K, used 41955K [0x00000006c0000000, 0x00000006c3e80000, 0x000000076ab00000)
  object space 64000K, 65% used [0x00000006c0000000,0x00000006c28f8d70,0x00000006c3e80000)
 Metaspace       used 10828K, capacity 10936K, committed 11008K, reserved 1058816K
  class space    used 1240K, capacity 1278K, committed 1280K, reserved 1048576K
Event: 2.696 GC heap after
Heap after GC invocations=17 (full 0):
 PSYoungGen      total 46080K, used 563K [0x000000076ab00000, 0x000000076f000000, 0x00000007c0000000)
  eden space 34816K, 0% used [0x000000076ab00000,0x000000076ab00000,0x000000076cd00000)
  from space 11264K, 5% used [0x000000076cd00000,0x000000076cd8ce78,0x000000076d800000)
  to   space 10752K, 0% used [0x000000076e580000,0x000000076e580000,0x000000076f000000)
 ParOldGen       total 64000K, used 42247K [0x00000006c0000000, 0x00000006c3e80000, 0x000000076ab00000)
  object space 64000K, 66% used [0x00000006c0000000,0x00000006c2941eb8,0x00000006c3e80000)
 Metaspace       used 10828K, capacity 10936K, committed 11008K, reserved 1058816K
  class space    used 1240K, capacity 1278K, committed 1280K, reserved 1048576K
}
Event: 2.897 GC heap before
{Heap before GC invocations=18 (full 0):
 PSYoungGen      total 46080K, used 35379K [0x000000076ab00000, 0x000000076f000000, 0x00000007c0000000)
  eden space 34816K, 100% used [0x000000076ab00000,0x000000076cd00000,0x000000076cd00000)
  from space 11264K, 5% used [0x000000076cd00000,0x000000076cd8ce78,0x000000076d800000)
  to   space 10752K, 0% used [0x000000076e580000,0x000000076e580000,0x000000076f000000)
 ParOldGen       total 64000K, used 42247K [0x00000006c0000000, 0x00000006c3e80000, 0x000000076ab00000)
  object space 64000K, 66% used [0x00000006c0000000,0x00000006c2941eb8,0x00000006c3e80000)
 Metaspace       used 11016K, capacity 11160K, committed 11392K, reserved 1058816K
  class space    used 1258K, capacity 1310K, committed 1408K, reserved 1048576K
Event: 2.900 GC heap after
Heap after GC invocations=18 (full 0):
 PSYoungGen      total 59904K, used 498K [0x000000076ab00000, 0x000000076f000000, 0x00000007c0000000)
  eden space 49152K, 0% used [0x000000076ab00000,0x000000076ab00000,0x000000076db00000)
  from space 10752K, 4% used [0x000000076e580000,0x000000076e5fcbb8,0x000000076f000000)
  to   space 10752K, 0% used [0x000000076db00000,0x000000076db00000,0x000000076e580000)
 ParOldGen       total 64000K, used 42285K [0x00000006c0000000, 0x00000006c3e80000, 0x000000076ab00000)
  object space 64000K, 66% used [0x00000006c0000000,0x00000006c294b710,0x00000006c3e80000)
 Metaspace       used 11016K, capacity 11160K, committed 11392K, reserved 1058816K
  class space    used 1258K, capacity 1310K, committed 1408K, reserved 1048576K
}
Event: 3.179 GC heap before
{Heap before GC invocations=19 (full 0):
 PSYoungGen      total 59904K, used 49650K [0x000000076ab00000, 0x000000076f000000, 0x00000007c0000000)
  eden space 49152K, 100% used [0x000000076ab00000,0x000000076db00000,0x000000076db00000)
  from space 10752K, 4% used [0x000000076e580000,0x000000076e5fcbb8,0x000000076f000000)
  to   space 10752K, 0% used [0x000000076db00000,0x000000076db00000,0x000000076e580000)
 ParOldGen       total 64000K, used 42285K [0x00000006c0000000, 0x00000006c3e80000, 0x000000076ab00000)
  object space 64000K, 66% used [0x00000006c0000000,0x00000006c294b710,0x00000006c3e80000)
 Metaspace       used 11077K, capacity 11228K, committed 11392K, reserved 1058816K
  class space    used 1258K, capacity 1310K, committed 1408K, reserved 1048576K
Event: 3.181 GC heap after
Heap after GC invocations=19 (full 0):
 PSYoungGen      total 59904K, used 399K [0x000000076ab00000, 0x0000000770280000, 0x00000007c0000000)
  eden space 49152K, 0% used [0x000000076ab00000,0x000000076ab00000,0x000000076db00000)
  from space 10752K, 3% used [0x000000076db00000,0x000000076db63fb8,0x000000076e580000)
  to   space 10240K, 0% used [0x000000076f880000,0x000000076f880000,0x0000000770280000)
 ParOldGen       total 64000K, used 42507K [0x00000006c0000000, 0x00000006c3e80000, 0x000000076ab00000)
  object space 64000K, 66% used [0x00000006c0000000,0x00000006c2982c88,0x00000006c3e80000)
 Metaspace       used 11077K, capacity 11228K, committed 11392K, reserved 1058816K
  class space    used 1258K, capacity 1310K, committed 1408K, reserved 1048576K
}
Event: 3.370 GC heap before
{Heap before GC invocations=20 (full 0):
 PSYoungGen      total 59904K, used 49551K [0x000000076ab00000, 0x0000000770280000, 0x00000007c0000000)
  eden space 49152K, 100% used [0x000000076ab00000,0x000000076db00000,0x000000076db00000)
  from space 10752K, 3% used [0x000000076db00000,0x000000076db63fb8,0x000000076e580000)
  to   space 10240K, 0% used [0x000000076f880000,0x000000076f880000,0x0000000770280000)
 ParOldGen       total 64000K, used 42507K [0x00000006c0000000, 0x00000006c3e80000, 0x000000076ab00000)
  object space 64000K, 66% used [0x00000006c0000000,0x00000006c2982c88,0x00000006c3e80000)
 Metaspace       used 11098K, capacity 11228K, committed 11392K, reserved 1058816K
  class space    used 1258K, capacity 1310K, committed 1408K, reserved 1048576K
Event: 3.373 GC heap after
Heap after GC invocations=20 (full 0):
 PSYoungGen      total 78336K, used 371K [0x000000076ab00000, 0x0000000770180000, 0x00000007c0000000)
  eden space 69120K, 0% used [0x000000076ab00000,0x000000076ab00000,0x000000076ee80000)
  from space 9216K, 4% used [0x000000076f880000,0x000000076f8dcef0,0x0000000770180000)
  to   space 9728K, 0% used [0x000000076ee80000,0x000000076ee80000,0x000000076f800000)
 ParOldGen       total 64000K, used 42647K [0x00000006c0000000, 0x00000006c3e80000, 0x000000076ab00000)
  object space 64000K, 66% used [0x00000006c0000000,0x00000006c29a5ca0,0x00000006c3e80000)
 Metaspace       used 11098K, capacity 11228K, committed 11392K, reserved 1058816K
  class space    used 1258K, capacity 1310K, committed 1408K, reserved 1048576K
}
Event: 3.629 GC heap before
{Heap before GC invocations=21 (full 0):
 PSYoungGen      total 78336K, used 69491K [0x000000076ab00000, 0x0000000770180000, 0x00000007c0000000)
  eden space 69120K, 100% used [0x000000076ab00000,0x000000076ee80000,0x000000076ee80000)
  from space 9216K, 4% used [0x000000076f880000,0x000000076f8dcef0,0x0000000770180000)
  to   space 9728K, 0% used [0x000000076ee80000,0x000000076ee80000,0x000000076f800000)
 ParOldGen       total 64000K, used 42647K [0x00000006c0000000, 0x00000006c3e80000, 0x000000076ab00000)
  object space 64000K, 66% used [0x00000006c0000000,0x00000006c29a5ca0,0x00000006c3e80000)
 Metaspace       used 11106K, capacity 11228K, committed 11392K, reserved 1058816K
  class space    used 1258K, capacity 1310K, committed 1408K, reserved 1048576K
Event: 3.630 GC heap after
Heap after GC invocations=21 (full 0):
 PSYoungGen      total 78848K, used 451K [0x000000076ab00000, 0x0000000771b80000, 0x00000007c0000000)
  eden space 69120K, 0% used [0x000000076ab00000,0x000000076ab00000,0x000000076ee80000)
  from space 9728K, 4% used [0x000000076ee80000,0x000000076eef0fa8,0x000000076f800000)
  to   space 9216K, 0% used [0x0000000771280000,0x0000000771280000,0x0000000771b80000)
 ParOldGen       total 64000K, used 42770K [0x00000006c0000000, 0x00000006c3e80000, 0x000000076ab00000)
  object space 64000K, 66% used [0x00000006c0000000,0x00000006c29c4b90,0x00000006c3e80000)
 Metaspace       used 11106K, capacity 11228K, committed 11392K, reserved 1058816K
  class space    used 1258K, capacity 1310K, committed 1408K, reserved 1048576K
}

Deoptimization events (10 events):
Event: 3.218 Thread 0x00000000017ae000 Uncommon trap: reason=range_check action=make_not_entrant pc=0x000000001032315c method=org.apache.lucene.util.fst.ReverseBytesReader.readByte()B @ 15
Event: 3.325 Thread 0x00000000017ae000 Uncommon trap: reason=class_check action=maybe_recompile pc=0x00000000103eac54 method=org.apache.lucene.search.BooleanTopLevelScorers$BoostedScorer.score()F @ 4
Event: 3.330 Thread 0x00000000017ae000 Uncommon trap: reason=class_check action=maybe_recompile pc=0x00000000103eac54 method=org.apache.lucene.search.BooleanTopLevelScorers$BoostedScorer.score()F @ 4
Event: 3.331 Thread 0x00000000017ae000 Uncommon trap: reason=class_check action=maybe_recompile pc=0x00000000103eac54 method=org.apache.lucene.search.BooleanTopLevelScorers$BoostedScorer.score()F @ 4
Event: 3.340 Thread 0x00000000017ae000 Uncommon trap: reason=bimorphic action=maybe_recompile pc=0x00000000102ecb04 method=org.apache.lucene.search.ConjunctionDISI.doNext(I)I @ 34
Event: 3.350 Thread 0x00000000017ae000 Uncommon trap: reason=bimorphic action=maybe_recompile pc=0x00000000102ecb04 method=org.apache.lucene.search.ConjunctionDISI.doNext(I)I @ 34
Event: 3.363 Thread 0x00000000017ae000 Uncommon trap: reason=bimorphic action=maybe_recompile pc=0x00000000102ecb04 method=org.apache.lucene.search.ConjunctionDISI.doNext(I)I @ 34
Event: 3.382 Thread 0x00000000017ae000 Uncommon trap: reason=class_check action=maybe_recompile pc=0x00000000103f118c method=org.apache.lucene.search.BooleanTopLevelScorers$BoostedScorer.score()F @ 4
Event: 3.399 Thread 0x00000000017ae000 Uncommon trap: reason=class_check action=maybe_recompile pc=0x00000000103cc810 method=org.apache.lucene.search.BooleanTopLevelScorers$BoostedScorer.score()F @ 4
Event: 3.450 Thread 0x00000000017ae000 Uncommon trap: reason=unreached action=reinterpret pc=0x0000000010200784 method=java.lang.AbstractStringBuilder.append(Ljava/lang/String;)Ljava/lang/AbstractStringBuilder; @ 1

Internal exceptions (10 events):
Event: 2.841 Thread 0x00000000017ae000 Exception <a 'java/security/PrivilegedActionException'> (0x000000076c32d140) thrown at [C:\re\workspace\8-2-build-windows-amd64-cygwin\jdk8u11\648\hotspot\src\share\vm\prims\jvm.cpp, line 1248]
Event: 2.842 Thread 0x00000000017ae000 Exception <a 'java/security/PrivilegedActionException'> (0x000000076c333200) thrown at [C:\re\workspace\8-2-build-windows-amd64-cygwin\jdk8u11\648\hotspot\src\share\vm\prims\jvm.cpp, line 1248]
Event: 2.842 Thread 0x00000000017ae000 Exception <a 'java/security/PrivilegedActionException'> (0x000000076c336790) thrown at [C:\re\workspace\8-2-build-windows-amd64-cygwin\jdk8u11\648\hotspot\src\share\vm\prims\jvm.cpp, line 1248]
Event: 2.843 Thread 0x00000000017ae000 Exception <a 'java/security/PrivilegedActionException'> (0x000000076c338ed8) thrown at [C:\re\workspace\8-2-build-windows-amd64-cygwin\jdk8u11\648\hotspot\src\share\vm\prims\jvm.cpp, line 1248]
Event: 2.843 Thread 0x00000000017ae000 Exception <a 'java/security/PrivilegedActionException'> (0x000000076c33b620) thrown at [C:\re\workspace\8-2-build-windows-amd64-cygwin\jdk8u11\648\hotspot\src\share\vm\prims\jvm.cpp, line 1248]
Event: 2.843 Thread 0x00000000017ae000 Exception <a 'java/security/PrivilegedActionException'> (0x000000076c33e038) thrown at [C:\re\workspace\8-2-build-windows-amd64-cygwin\jdk8u11\648\hotspot\src\share\vm\prims\jvm.cpp, line 1248]
Event: 2.845 Thread 0x00000000017ae000 Exception <a 'java/security/PrivilegedActionException'> (0x000000076c3417b8) thrown at [C:\re\workspace\8-2-build-windows-amd64-cygwin\jdk8u11\648\hotspot\src\share\vm\prims\jvm.cpp, line 1248]
Event: 2.845 Thread 0x00000000017ae000 Exception <a 'java/security/PrivilegedActionException'> (0x000000076c3448f8) thrown at [C:\re\workspace\8-2-build-windows-amd64-cygwin\jdk8u11\648\hotspot\src\share\vm\prims\jvm.cpp, line 1248]
Event: 2.846 Thread 0x00000000017ae000 Exception <a 'java/security/PrivilegedActionException'> (0x000000076c347e18) thrown at [C:\re\workspace\8-2-build-windows-amd64-cygwin\jdk8u11\648\hotspot\src\share\vm\prims\jvm.cpp, line 1248]
Event: 3.450 Thread 0x00000000017ae000 Implicit null exception at 0x0000000010200416 to 0x000000001020076d

Events (10 events):
Event: 3.710 Thread 0x00000000017ae000 DEOPT PACKING pc=0x0000000010360869 sp=0x000000000301e730
Event: 3.710 Thread 0x00000000017ae000 DEOPT UNPACKING pc=0x0000000010057604 sp=0x000000000301e468 mode 0
Event: 3.725 Executing VM operation: GetAllStackTraces
Event: 3.726 Executing VM operation: GetAllStackTraces done
Event: 3.727 Thread 0x00000000017ae000 DEOPT PACKING pc=0x0000000010360869 sp=0x000000000301e8b0
Event: 3.727 Thread 0x00000000017ae000 DEOPT UNPACKING pc=0x0000000010057604 sp=0x000000000301e5e8 mode 0
Event: 3.728 Thread 0x00000000017ae000 DEOPT PACKING pc=0x0000000010360897 sp=0x000000000301e500
Event: 3.728 Thread 0x00000000017ae000 DEOPT UNPACKING pc=0x0000000010057604 sp=0x000000000301e238 mode 0
Event: 3.741 Executing VM operation: GetAllStackTraces
Event: 3.741 Executing VM operation: GetAllStackTraces done


Dynamic libraries:
0x00007ff7fcfe0000 - 0x00007ff7fd014000 	C:\Program Files\Java\jdk1.8.0_11\bin\java.exe
0x00007ffa3e220000 - 0x00007ffa3e3f1000 	C:\Windows\SYSTEM32\ntdll.dll
0x00007ffa3e160000 - 0x00007ffa3e20b000 	C:\Windows\System32\KERNEL32.DLL
0x00007ffa3b180000 - 0x00007ffa3b39d000 	C:\Windows\System32\KERNELBASE.dll
0x00007ffa3dd20000 - 0x00007ffa3ddc2000 	C:\Windows\System32\ADVAPI32.dll
0x00007ffa3bf30000 - 0x00007ffa3bfce000 	C:\Windows\System32\msvcrt.dll
0x00007ffa3dcc0000 - 0x00007ffa3dd19000 	C:\Windows\System32\sechost.dll
0x00007ffa3de30000 - 0x00007ffa3df51000 	C:\Windows\System32\RPCRT4.dll
0x00007ffa3bdc0000 - 0x00007ffa3bf25000 	C:\Windows\System32\USER32.dll
0x00007ffa3b100000 - 0x00007ffa3b11e000 	C:\Windows\System32\win32u.dll
0x00007ffa3bc80000 - 0x00007ffa3bcb4000 	C:\Windows\System32\GDI32.dll
0x00007ffa3b450000 - 0x00007ffa3b5d2000 	C:\Windows\System32\gdi32full.dll
0x00007ffa31ce0000 - 0x00007ffa31f59000 	C:\Windows\WinSxS\amd64_microsoft.windows.common-controls_6595b64144ccf1df_6.0.14393.0_none_2d0f50fcbdb171b8\COMCTL32.dll
0x00007ffa3b9b0000 - 0x00007ffa3bc77000 	C:\Windows\System32\combase.dll
0x00007ffa3aee0000 - 0x00007ffa3afd5000 	C:\Windows\System32\ucrtbase.dll
0x00007ffa3b090000 - 0x00007ffa3b0fa000 	C:\Windows\System32\bcryptPrimitives.dll
0x00007ffa3dc20000 - 0x00007ffa3dc4e000 	C:\Windows\System32\IMM32.DLL
0x00000000596d0000 - 0x00000000597a2000 	C:\Program Files\Java\jdk1.8.0_11\jre\bin\msvcr100.dll
0x0000000058970000 - 0x000000005919a000 	C:\Program Files\Java\jdk1.8.0_11\jre\bin\server\jvm.dll
0x00007ffa3c400000 - 0x00007ffa3c408000 	C:\Windows\System32\PSAPI.DLL
0x00007ffa27070000 - 0x00007ffa27079000 	C:\Windows\SYSTEM32\WSOCK32.dll
0x00007ffa3c470000 - 0x00007ffa3c4da000 	C:\Windows\System32\WS2_32.dll
0x00007ffa38c40000 - 0x00007ffa38c63000 	C:\Windows\SYSTEM32\WINMM.dll
0x00007ffa38be0000 - 0x00007ffa38c0b000 	C:\Windows\SYSTEM32\WINMMBASE.dll
0x00007ffa3ae90000 - 0x00007ffa3aed2000 	C:\Windows\System32\cfgmgr32.dll
0x0000000059680000 - 0x000000005968f000 	C:\Program Files\Java\jdk1.8.0_11\jre\bin\verify.dll
0x0000000059650000 - 0x0000000059678000 	C:\Program Files\Java\jdk1.8.0_11\jre\bin\java.dll
0x0000000010000000 - 0x000000001000c000 	C:\Users\Ahmed\AppData\Roaming\NetBeans\7.4\lib\deployed\jdk16\windows-amd64\profilerinterface.dll
0x0000000059630000 - 0x0000000059646000 	C:\Program Files\Java\jdk1.8.0_11\jre\bin\zip.dll
0x00007ffa3c710000 - 0x00007ffa3dc18000 	C:\Windows\System32\SHELL32.dll
0x00007ffa3a7b0000 - 0x00007ffa3ae8a000 	C:\Windows\System32\windows.storage.dll
0x00007ffa3a760000 - 0x00007ffa3a7ac000 	C:\Windows\System32\powrprof.dll
0x00007ffa3ddd0000 - 0x00007ffa3de22000 	C:\Windows\System32\shlwapi.dll
0x00007ffa3a750000 - 0x00007ffa3a75f000 	C:\Windows\System32\kernel.appcore.dll
0x00007ffa3afe0000 - 0x00007ffa3b089000 	C:\Windows\System32\shcore.dll
0x00007ffa3a720000 - 0x00007ffa3a734000 	C:\Windows\System32\profapi.dll
0x0000000058950000 - 0x000000005896a000 	C:\Program Files\Java\jdk1.8.0_11\jre\bin\net.dll
0x00007ffa394d0000 - 0x00007ffa394e6000 	C:\Windows\system32\PrxerDrv.dll
0x00007ffa3a050000 - 0x00007ffa3a0ac000 	C:\Windows\system32\mswsock.dll
0x00000000591b0000 - 0x00000000591bd000 	C:\Program Files\Java\jdk1.8.0_11\jre\bin\management.dll
0x0000000058930000 - 0x0000000058941000 	C:\Program Files\Java\jdk1.8.0_11\jre\bin\nio.dll
0x00007ffa3a1f0000 - 0x00007ffa3a207000 	C:\Windows\SYSTEM32\CRYPTSP.dll
0x00007ffa39c60000 - 0x00007ffa39c93000 	C:\Windows\system32\rsaenh.dll
0x00007ffa3a300000 - 0x00007ffa3a32b000 	C:\Windows\SYSTEM32\bcrypt.dll
0x00007ffa39ed0000 - 0x00007ffa39eef000 	C:\Windows\SYSTEM32\USERENV.dll
0x00007ffa3a210000 - 0x00007ffa3a21b000 	C:\Windows\SYSTEM32\CRYPTBASE.dll
0x00007ffa39de0000 - 0x00007ffa39e18000 	C:\Windows\SYSTEM32\IPHLPAPI.DLL
0x00007ffa3e210000 - 0x00007ffa3e218000 	C:\Windows\System32\NSI.dll
0x00007ffa35af0000 - 0x00007ffa35b06000 	C:\Windows\SYSTEM32\dhcpcsvc6.DLL
0x00007ffa35ad0000 - 0x00007ffa35aea000 	C:\Windows\SYSTEM32\dhcpcsvc.DLL
0x00007ffa31b40000 - 0x00007ffa31cd2000 	C:\Windows\SYSTEM32\dbghelp.dll

VM Arguments:
jvm_args: -Dfile.encoding=UTF-8 -Xmx4096m -agentpath:C:/Users/Ahmed/AppData/Roaming/NetBeans/7.4/lib/deployed/jdk16/windows-amd64/profilerinterface.dll=C:\Users\Ahmed\AppData\Roaming\NetBeans\7.4\lib,5140,10 -XX:+HeapDumpOnOutOfMemoryError -XX:HeapDumpPath=H:\NBProject\identifying-relations-for-erq\Working\nbproject\private\profiler 
java_command: working.Working
java_class_path (initial): H:\NBProject\identifying-relations-for-erq\Working\lib\lucene-analyzers-common-5.4.0.jar;H:\NBProject\identifying-relations-for-erq\Working\lib\lucene-core-5.4.0.jar;H:\NBProject\identifying-relations-for-erq\Working\lib\lucene-highlighter-5.4.0.jar;H:\NBProject\identifying-relations-for-erq\Working\lib\lucene-memory-5.4.0.jar;H:\NBProject\identifying-relations-for-erq\Working\lib\lucene-queries-5.4.0.jar;H:\NBProject\identifying-relations-for-erq\Working\lib\lucene-queryparser-5.4.0.jar;H:\NBProject\identifying-relations-for-erq\Working\lib\hadoop-annotations-2.7.1.jar;H:\NBProject\identifying-relations-for-erq\Working\lib\hadoop-common-2.7.1.jar;H:\NBProject\identifying-relations-for-erq\Working\lib\reverb.jar;H:\NBProject\identifying-relations-for-erq\Working\build\classes
Launcher Type: SUN_STANDARD

Environment Variables:
JAVA_HOME=C:\Program Files\Java\jdk1.8.0_11\bin
PATH=C:\ProgramData\Oracle\Java\javapath;C:\Program Files (x86)\Intel\iCLS Client\;C:\Program Files\Intel\iCLS Client\;C:\Windows\system32;C:\Windows;C:\Windows\System32\Wbem;C:\Windows\System32\WindowsPowerShell\v1.0\;C:\Program Files (x86)\NVIDIA Corporation\PhysX\Common;C:\Program Files\Intel\Intel(R) Management Engine Components\DAL;C:\Program Files\Intel\Intel(R) Management Engine Components\IPT;C:\Program Files (x86)\Intel\Intel(R) Management Engine Components\DAL;C:\Program Files (x86)\Intel\Intel(R) Management Engine Components\IPT;c:\Program Files\Intel\WiFi\bin\;c:\Program Files\Common Files\Intel\WirelessCommon\;C:\Program Files\Java\jdk1.8.0_11\bin;C:\Program Files\Java\jdk1.8.0_11;C:\Program Files\erl8.2\bin;C:\Program Files\Git\cmd;C:\Users\Ahmed\AppData\Local\Microsoft\WindowsApps;c:\Program Files\Intel\WiFi\bin\;c:\Program Files\Common Files\Intel\WirelessCommon\
USERNAME=Ahmed
OS=Windows_NT
PROCESSOR_IDENTIFIER=Intel64 Family 6 Model 69 Stepping 1, GenuineIntel



---------------  S Y S T E M  ---------------

OS: Windows 8.1 , 64 bit Build 9600 

CPU:total 4 (2 cores per cpu, 2 threads per core) family 6 model 69 stepping 1, cmov, cx8, fxsr, mmx, sse, sse2, sse3, ssse3, sse4.1, sse4.2, popcnt, avx, avx2, aes, clmul, erms, ht, tsc, tscinvbit

Memory: 4k page, physical 4122776k(1037356k free), swap 13700248k(9030436k free)

vm_info: Java HotSpot(TM) 64-Bit Server VM (25.11-b03) for windows-amd64 JRE (1.8.0_11-b12), built on Jun 16 2014 20:57:32 by "java_re" with MS VC++ 10.0 (VS2010)

time: Wed Jan 18 22:03:50 2017
elapsed time: 3 seconds

